[2024-12-04 00:21:15] Gateway 패턴 실습환경 구성을 시작합니다...
[2024-12-04 00:21:15] Azure CLI 로그인 상태 확인 중...
[2024-12-04 00:21:15] 애플리케이션 빌드 및 이미지 생성 중...
[2024-12-04 00:21:22] Error: ACR 로그인 실패
[2024-12-04 00:23:14] Gateway 패턴 실습환경 구성을 시작합니다...
[2024-12-04 00:23:14] Azure CLI 로그인 상태 확인 중...
[2024-12-04 00:23:14] 애플리케이션 빌드 및 이미지 생성 중...
[2024-12-04 00:23:17] Error: ACR 로그인 실패
[2024-12-04 00:32:33] Gateway 패턴 실습환경 구성을 시작합니다...
[2024-12-04 00:32:33] Azure CLI 로그인 상태 확인 중...
[2024-12-04 00:32:34] ACR pull 권한 확인 중...
[2024-12-04 00:32:35] AKS가 Managed Identity를 사용하고 있습니다.
[2024-12-04 00:32:35] ACR pull 권한이 이미 설정되어 있다고 가정합니다.
[2024-12-04 00:32:35] 애플리케이션 빌드 및 이미지 생성 중...
[2024-12-04 00:32:37] Error: ACR 로그인 실패
[2024-12-04 00:40:33] Gateway 패턴 실습환경 구성을 시작합니다...
[2024-12-04 00:40:33] Azure CLI 로그인 상태 확인 중...
[2024-12-04 00:40:34] ACR pull 권한 확인 중...
[2024-12-04 00:40:35] AKS가 Managed Identity를 사용하고 있습니다.
[2024-12-04 00:40:35] ACR pull 권한이 이미 설정되어 있다고 가정합니다.
[2024-12-04 00:40:35] 애플리케이션 빌드 및 이미지 생성 중...
[2024-12-04 00:40:36] Error: ACR 로그인 실패
[2024-12-04 00:41:49] Gateway 패턴 실습환경 구성을 시작합니다...
[2024-12-04 00:41:49] Azure CLI 로그인 상태 확인 중...
[2024-12-04 00:41:50] ACR pull 권한 확인 중...
[2024-12-04 00:41:51] AKS가 Managed Identity를 사용하고 있습니다.
[2024-12-04 00:41:51] ACR pull 권한이 이미 설정되어 있다고 가정합니다.
[2024-12-04 00:41:51] 애플리케이션 빌드 및 이미지 생성 중...
[2024-12-04 00:42:06] Error: Gradle 빌드 실패
[2024-12-04 00:43:41] Gateway 패턴 실습환경 구성을 시작합니다...
[2024-12-04 00:43:41] Azure CLI 로그인 상태 확인 중...
[2024-12-04 00:43:41] ACR pull 권한 확인 중...
[2024-12-04 00:43:42] AKS가 Managed Identity를 사용하고 있습니다.
[2024-12-04 00:43:42] ACR pull 권한이 이미 설정되어 있다고 가정합니다.
[2024-12-04 00:43:42] 애플리케이션 빌드 및 이미지 생성 중...
[2024-12-04 00:43:49] Error: gateway Gradle 빌드 실패
[2024-12-04 00:44:22] Gateway 패턴 실습환경 구성을 시작합니다...
[2024-12-04 00:44:22] Azure CLI 로그인 상태 확인 중...
[2024-12-04 00:44:23] ACR pull 권한 확인 중...
[2024-12-04 00:44:24] AKS가 Managed Identity를 사용하고 있습니다.
[2024-12-04 00:44:24] ACR pull 권한이 이미 설정되어 있다고 가정합니다.
[2024-12-04 00:44:24] 애플리케이션 빌드 및 이미지 생성 중...
[2024-12-04 00:44:31] Error: scg Gradle 빌드 실패
[2024-12-04 00:58:08] Gateway 패턴 실습환경 구성을 시작합니다...
[2024-12-04 00:58:08] Azure CLI 로그인 상태 확인 중...
[2024-12-04 00:58:09] ACR pull 권한 확인 중...
[2024-12-04 00:58:11] AKS가 Managed Identity를 사용하고 있습니다.
[2024-12-04 00:58:11] ACR pull 권한이 이미 설정되어 있다고 가정합니다.
[2024-12-04 00:58:11] 애플리케이션 빌드 및 이미지 생성 중...
[2024-12-04 00:58:31] Building scg image...
[2024-12-04 00:58:43] scg 이미지 생성 완료
[2024-12-04 00:58:47] Building inquiry image...
[2024-12-04 00:59:03] inquiry 이미지 생성 완료
[2024-12-04 00:59:11] Building tech image...
[2024-12-04 00:59:21] tech 이미지 생성 완료
[2024-12-04 00:59:26] Building billing image...
[2024-12-04 00:59:36] billing 이미지 생성 완료
[2024-12-04 00:59:36] MongoDB 구성 중...
[2024-12-04 00:59:36] 마이크로서비스 배포 중...
[2024-12-04 00:59:38] 모든 리소스가 성공적으로 생성되었습니다.
[2024-12-04 00:59:38] === Gateway 연결 정보 ===
[2024-12-04 00:59:38] Host: 
[2024-12-04 00:59:38] Port: 8080
[2024-12-04 00:59:38] Swagger: http://:8080/swagger-ui.html
[2024-12-04 00:59:38] === 서비스 테스트 가이드 ===
[2024-12-04 00:59:38] 일반문의: curl -X POST http://:8080/inquiry
[2024-12-04 00:59:38] 기술문의: curl -X POST http://:8080/tech
[2024-12-04 00:59:38] 요금문의: curl -X POST http://:8080/billing
[2024-12-04 01:07:17] Gateway 패턴 실습환경 구성을 시작합니다...
[2024-12-04 01:07:17] Azure CLI 로그인 상태 확인 중...
[2024-12-04 01:07:18] ACR pull 권한 확인 중...
[2024-12-04 01:07:19] AKS가 Managed Identity를 사용하고 있습니다.
[2024-12-04 01:07:19] ACR pull 권한이 이미 설정되어 있다고 가정합니다.
[2024-12-04 01:07:19] MongoDB 구성 중...
[2024-12-04 01:07:19] 마이크로서비스 배포 중...
[2024-12-04 01:07:21] 모든 리소스가 성공적으로 생성되었습니다.
[2024-12-04 01:07:21] LoadBalancer IP 할당 대기 중...
[2024-12-04 01:07:21] IP 할당 대기 중... (1/30)
[2024-12-04 01:07:31] IP 할당 대기 중... (2/30)
[2024-12-04 01:07:41] IP 할당 대기 중... (3/30)
[2024-12-04 01:07:51] IP 할당 대기 중... (4/30)
[2024-12-04 01:08:01] IP 할당 대기 중... (5/30)
[2024-12-04 01:08:12] IP 할당 대기 중... (6/30)
[2024-12-04 01:08:22] IP 할당 대기 중... (7/30)
[2024-12-04 01:08:32] IP 할당 대기 중... (8/30)
[2024-12-04 01:08:43] IP 할당 대기 중... (9/30)
[2024-12-04 01:08:53] IP 할당 대기 중... (10/30)
[2024-12-04 01:09:04] IP 할당 대기 중... (11/30)
[2024-12-04 01:09:14] IP 할당 대기 중... (12/30)
[2024-12-04 01:09:24] IP 할당 대기 중... (13/30)
[2024-12-04 01:09:34] IP 할당 대기 중... (14/30)
[2024-12-04 01:09:45] IP 할당 대기 중... (15/30)
[2024-12-04 01:09:55] IP 할당 대기 중... (16/30)
[2024-12-04 01:10:47] Gateway 패턴 실습환경 구성을 시작합니다...
[2024-12-04 01:10:47] Azure CLI 로그인 상태 확인 중...
[2024-12-04 01:10:47] ACR pull 권한 확인 중...
[2024-12-04 01:10:49] AKS가 Managed Identity를 사용하고 있습니다.
[2024-12-04 01:10:49] ACR pull 권한이 이미 설정되어 있다고 가정합니다.
[2024-12-04 01:10:49] MongoDB 구성 중...
[2024-12-04 01:10:49] 마이크로서비스 배포 중...
[2024-12-04 01:10:51] 모든 리소스가 성공적으로 생성되었습니다.
[2024-12-04 01:10:51] LoadBalancer IP 할당 대기 중...
[2024-12-04 01:10:51] IP 할당 대기 중... (1/10)
[2024-12-04 01:10:56] IP 할당 대기 중... (2/10)
[2024-12-04 01:11:01] IP 할당 대기 중... (3/10)
[2024-12-04 01:11:06] IP 할당 대기 중... (4/10)
[2024-12-04 01:11:12] IP 할당 대기 중... (5/10)
[2024-12-04 01:11:17] IP 할당 대기 중... (6/10)
[2024-12-04 01:11:20] Gateway 패턴 실습환경 구성을 시작합니다...
[2024-12-04 01:11:20] Azure CLI 로그인 상태 확인 중...
[2024-12-04 01:11:21] ACR pull 권한 확인 중...
[2024-12-04 01:11:23] AKS가 Managed Identity를 사용하고 있습니다.
[2024-12-04 01:11:23] ACR pull 권한이 이미 설정되어 있다고 가정합니다.
[2024-12-04 01:11:23] MongoDB 구성 중...
[2024-12-04 01:11:23] 마이크로서비스 배포 중...
[2024-12-04 01:11:24] 모든 리소스가 성공적으로 생성되었습니다.
[2024-12-04 01:11:24] LoadBalancer IP 할당 대기 중...
[2024-12-04 01:11:24] IP 할당 대기 중... (1/10)
[2024-12-04 01:11:29] IP 할당 대기 중... (2/10)
[2024-12-04 01:11:35] IP 할당 대기 중... (3/10)
[2024-12-04 01:11:40] IP 할당 대기 중... (4/10)
[2024-12-04 01:11:45] IP 할당 대기 중... (5/10)
[2024-12-04 01:11:50] IP 할당 대기 중... (6/10)
[2024-12-04 01:11:55] IP 할당 대기 중... (7/10)
[2024-12-04 01:12:01] IP 할당 대기 중... (8/10)
[2024-12-04 01:17:10] Gateway 패턴 실습환경 구성을 시작합니다...
[2024-12-04 01:17:10] Azure CLI 로그인 상태 확인 중...
[2024-12-04 01:17:10] ACR pull 권한 확인 중...
[2024-12-04 01:17:11] AKS가 Managed Identity를 사용하고 있습니다.
[2024-12-04 01:17:11] ACR pull 권한이 이미 설정되어 있다고 가정합니다.
[2024-12-04 01:17:11] MongoDB 구성 중...
[2024-12-04 01:17:12] 마이크로서비스 배포 중...
[2024-12-04 01:17:13] 모든 리소스가 성공적으로 생성되었습니다.
[2024-12-04 01:17:13] LoadBalancer IP 할당 대기 중...
[2024-12-04 01:17:13] IP 할당 대기 중... (1/10)
[2024-12-04 01:17:18] IP 할당 대기 중... (2/10)
[2024-12-04 01:17:23] IP 할당 대기 중... (3/10)
[2024-12-04 01:17:28] IP 할당 대기 중... (4/10)
[2024-12-04 01:17:33] IP 할당 대기 중... (5/10)
[2024-12-04 01:18:09] Gateway 패턴 실습환경 구성을 시작합니다...
[2024-12-04 01:18:09] Azure CLI 로그인 상태 확인 중...
[2024-12-04 01:18:10] ACR pull 권한 확인 중...
[2024-12-04 01:18:11] AKS가 Managed Identity를 사용하고 있습니다.
[2024-12-04 01:18:11] ACR pull 권한이 이미 설정되어 있다고 가정합니다.
[2024-12-04 01:18:11] 기존 리소스 정리 중...
[2024-12-04 01:18:11] scg 리소스 삭제 완료
[2024-12-04 01:18:11] inquiry 리소스 삭제 완료
[2024-12-04 01:18:11] tech 리소스 삭제 완료
[2024-12-04 01:18:11] billing 리소스 삭제 완료
[2024-12-04 01:18:11] MongoDB 리소스 삭제 완료
[2024-12-04 01:18:11] 리소스 정리 완료 대기 중...
[2024-12-04 01:18:21] MongoDB 구성 중...
[2024-12-04 01:18:22] 마이크로서비스 배포 중...
[2024-12-04 01:18:23] 모든 리소스가 성공적으로 생성되었습니다.
[2024-12-04 01:18:23] LoadBalancer IP 할당 대기 중...
[2024-12-04 01:18:23] IP 할당 대기 중... (1/10)
[2024-12-04 01:18:28] IP 할당 대기 중... (2/10)
[2024-12-04 01:18:33] IP 할당 대기 중... (3/10)
[2024-12-04 01:18:38] IP 할당 대기 중... (4/10)
[2024-12-04 01:18:43] IP 할당 대기 중... (5/10)
[2024-12-04 01:18:49] IP 할당 대기 중... (6/10)
[2024-12-04 01:18:54] IP 할당 대기 중... (7/10)
[2024-12-04 01:18:59] IP 할당 대기 중... (8/10)
[2024-12-04 01:19:04] IP 할당 대기 중... (9/10)
[2024-12-04 01:19:09] IP 할당 대기 중... (10/10)
[2024-12-04 01:19:14] Error: LoadBalancer IP 할당 시간 초과
[2024-12-04 01:19:14] Error: LoadBalancer IP 할당 실패
[2024-12-04 01:20:29] Gateway 패턴 실습환경 구성을 시작합니다...
[2024-12-04 01:20:29] Azure CLI 로그인 상태 확인 중...
[2024-12-04 01:20:30] ACR pull 권한 확인 중...
[2024-12-04 01:20:31] AKS가 Managed Identity를 사용하고 있습니다.
[2024-12-04 01:20:31] ACR pull 권한이 이미 설정되어 있다고 가정합니다.
[2024-12-04 01:20:31] 기존 리소스 정리 중...
[2024-12-04 01:20:31] scg 리소스 삭제 완료
[2024-12-04 01:20:31] inquiry 리소스 삭제 완료
[2024-12-04 01:20:31] tech 리소스 삭제 완료
[2024-12-04 01:20:31] billing 리소스 삭제 완료
[2024-12-04 01:20:32] MongoDB 리소스 삭제 완료
[2024-12-04 01:20:32] 리소스 정리 완료 대기 중...
[2024-12-04 01:20:42] MongoDB 구성 중...
[2024-12-04 01:20:42] 마이크로서비스 배포 중...
[2024-12-04 01:20:43] 모든 리소스가 성공적으로 생성되었습니다.
[2024-12-04 01:20:43] LoadBalancer IP 할당 대기 중...
[2024-12-04 01:20:43] IP 할당 대기 중... (1/10)
[2024-12-04 01:20:48] IP 할당 대기 중... (2/10)
[2024-12-04 01:20:54] LoadBalancer IP 할당 완료: 20.214.198.19
[2024-12-04 01:20:54] === Gateway 연결 정보 ===
[2024-12-04 01:20:54] Host: 
[2024-12-04 01:20:54] Port: 8080
[2024-12-04 01:20:54] Swagger: http://:8080/swagger-ui.html
[2024-12-04 01:20:54] === 서비스 테스트 가이드 ===
[2024-12-04 01:20:54] 일반문의: curl -X POST http://:8080/inquiry
[2024-12-04 01:20:54] 기술문의: curl -X POST http://:8080/tech
[2024-12-04 01:20:54] 요금문의: curl -X POST http://:8080/billing
[2024-12-04 01:22:48] Gateway 패턴 실습환경 구성을 시작합니다...
[2024-12-04 01:22:48] Azure CLI 로그인 상태 확인 중...
[2024-12-04 01:22:49] ACR pull 권한 확인 중...
[2024-12-04 01:22:50] AKS가 Managed Identity를 사용하고 있습니다.
[2024-12-04 01:22:50] ACR pull 권한이 이미 설정되어 있다고 가정합니다.
[2024-12-04 01:22:50] 기존 리소스 정리 중...
[2024-12-04 01:22:50] scg 리소스 삭제 완료
[2024-12-04 01:22:50] inquiry 리소스 삭제 완료
[2024-12-04 01:22:51] tech 리소스 삭제 완료
[2024-12-04 01:22:51] billing 리소스 삭제 완료
[2024-12-04 01:22:51] MongoDB 리소스 삭제 완료
[2024-12-04 01:22:51] 리소스 정리 완료 대기 중...
[2024-12-04 01:23:01] MongoDB 구성 중...
[2024-12-04 01:23:01] 마이크로서비스 배포 중...
[2024-12-04 01:23:03] 모든 리소스가 성공적으로 생성되었습니다.
[2024-12-04 01:23:03] LoadBalancer IP 할당 대기 중...
[2024-12-04 01:23:03] IP 할당 대기 중... (1/10)
[2024-12-04 01:23:08] IP 할당 대기 중... (2/10)
[2024-12-04 01:23:13] IP 할당 대기 중... (3/10)
[2024-12-04 01:23:18] IP 할당 대기 중... (4/10)
[2024-12-04 01:23:23] IP 할당 대기 중... (5/10)
[2024-12-04 01:23:29] LoadBalancer IP 할당 완료: 20.214.192.189
[2024-12-04 01:23:29] === Gateway 연결 정보 ===
[2024-12-04 01:23:29] Host: 
[2024-12-04 01:23:29] Port: 8080
[2024-12-04 01:23:29] Swagger: http://:8080/swagger-ui.html
[2024-12-04 01:23:29] === 서비스 테스트 가이드 ===
[2024-12-04 01:23:29] 일반문의: curl -X POST http://:8080/inquiry
[2024-12-04 01:23:29] 기술문의: curl -X POST http://:8080/tech
[2024-12-04 01:23:29] 요금문의: curl -X POST http://:8080/billing
[2024-12-04 01:25:54] Gateway 패턴 실습환경 구성을 시작합니다...
[2024-12-04 01:25:54] Azure CLI 로그인 상태 확인 중...
[2024-12-04 01:25:55] ACR pull 권한 확인 중...
[2024-12-04 01:25:56] AKS가 Managed Identity를 사용하고 있습니다.
[2024-12-04 01:25:56] ACR pull 권한이 이미 설정되어 있다고 가정합니다.
[2024-12-04 01:25:56] 기존 리소스 정리 중...
[2024-12-04 01:25:56] scg 리소스 삭제 완료
[2024-12-04 01:25:56] inquiry 리소스 삭제 완료
[2024-12-04 01:25:56] tech 리소스 삭제 완료
[2024-12-04 01:25:57] billing 리소스 삭제 완료
[2024-12-04 01:25:57] MongoDB 리소스 삭제 완료
[2024-12-04 01:25:57] 리소스 정리 완료 대기 중...
[2024-12-04 01:26:07] MongoDB 구성 중...
[2024-12-04 01:26:07] 마이크로서비스 배포 중...
[2024-12-04 01:26:08] 모든 리소스가 성공적으로 생성되었습니다.
[2024-12-04 01:26:08] LoadBalancer IP 할당 대기 중...
[2024-12-04 01:26:08] IP 할당 대기 중... (1/10)
[2024-12-04 01:26:14] IP 할당 대기 중... (2/10)
[2024-12-04 01:26:19] IP 할당 대기 중... (3/10)
[2024-12-04 01:26:24] IP 할당 대기 중... (4/10)
[2024-12-04 01:26:29] IP 할당 대기 중... (5/10)
[2024-12-04 01:26:34] IP 할당 대기 중... (6/10)
[2024-12-04 01:26:39] IP 할당 대기 중... (7/10)
[2024-12-04 01:26:45] LoadBalancer IP 할당 완료: 20.214.194.127
[2024-12-04 01:26:45] === Gateway 연결 정보 ===
[2024-12-04 01:26:45] Host: 20.214.194.127
[2024-12-04 01:26:45] Port: 8080
[2024-12-04 01:26:45] Swagger: http://20.214.194.127:8080/swagger-ui.html
[2024-12-04 01:26:45] === 서비스 테스트 가이드 ===
[2024-12-04 01:26:45] 일반문의: curl -X POST http://:8080/inquiry
[2024-12-04 01:26:45] 기술문의: curl -X POST http://:8080/tech
[2024-12-04 01:26:45] 요금문의: curl -X POST http://:8080/billing
[2024-12-04 01:28:31] Gateway 패턴 실습환경 구성을 시작합니다...
[2024-12-04 01:28:31] Azure CLI 로그인 상태 확인 중...
[2024-12-04 01:28:31] ACR pull 권한 확인 중...
[2024-12-04 01:28:32] AKS가 Managed Identity를 사용하고 있습니다.
[2024-12-04 01:28:32] ACR pull 권한이 이미 설정되어 있다고 가정합니다.
[2024-12-04 01:28:32] 애플리케이션 빌드 및 이미지 생성 중...
[2024-12-04 01:28:49] Building scg image...
[2024-12-04 01:29:00] scg 이미지 생성 완료
[2024-12-04 01:29:05] Building inquiry image...
[2024-12-04 01:29:16] inquiry 이미지 생성 완료
[2024-12-04 01:29:22] Building tech image...
[2024-12-04 01:29:34] tech 이미지 생성 완료
[2024-12-04 01:29:45] Building billing image...
[2024-12-04 01:29:59] billing 이미지 생성 완료
[2024-12-04 01:29:59] 기존 리소스 정리 중...
[2024-12-04 01:29:59] scg 리소스 삭제 완료
[2024-12-04 01:29:59] inquiry 리소스 삭제 완료
[2024-12-04 01:30:00] tech 리소스 삭제 완료
[2024-12-04 01:30:00] billing 리소스 삭제 완료
[2024-12-04 01:30:00] MongoDB 리소스 삭제 완료
[2024-12-04 01:30:00] 리소스 정리 완료 대기 중...
[2024-12-04 01:30:10] MongoDB 구성 중...
[2024-12-04 01:30:11] 마이크로서비스 배포 중...
[2024-12-04 01:30:12] 모든 리소스가 성공적으로 생성되었습니다.
[2024-12-04 01:30:12] LoadBalancer IP 할당 대기 중...
[2024-12-04 01:30:12] IP 할당 대기 중... (1/10)
[2024-12-04 01:30:18] IP 할당 대기 중... (2/10)
[2024-12-04 01:30:23] LoadBalancer IP 할당 완료: 20.249.187.51
[2024-12-04 01:30:23] === Gateway 연결 정보 ===
[2024-12-04 01:30:23] Host: 20.249.187.51
[2024-12-04 01:30:23] Port: 8080
[2024-12-04 01:30:23] Swagger: http://20.249.187.51:8080/swagger-ui.html
[2024-12-04 01:30:23] === 서비스 테스트 가이드 ===
[2024-12-04 01:30:23] 일반문의: curl -X POST http://:8080/inquiry
[2024-12-04 01:30:23] 기술문의: curl -X POST http://:8080/tech
[2024-12-04 01:30:23] 요금문의: curl -X POST http://:8080/billing
[2024-12-04 01:34:23] Gateway 패턴 실습환경 구성을 시작합니다...
[2024-12-04 01:34:23] Azure CLI 로그인 상태 확인 중...
[2024-12-04 01:34:23] ACR pull 권한 확인 중...
[2024-12-04 01:34:25] AKS가 Managed Identity를 사용하고 있습니다.
[2024-12-04 01:34:25] ACR pull 권한이 이미 설정되어 있다고 가정합니다.
[2024-12-04 01:34:25] Namespace 생성 중...
[2024-12-04 01:34:25] Namespace ondal-ns 생성 완료
[2024-12-04 01:34:25] 애플리케이션 빌드 및 이미지 생성 중...
[2024-12-04 01:34:36] Building scg image...
[2024-12-04 01:34:53] scg 이미지 생성 완료
[2024-12-04 01:34:59] Building inquiry image...
[2024-12-04 01:35:13] inquiry 이미지 생성 완료
[2024-12-04 01:35:20] Building tech image...
[2024-12-04 01:35:36] tech 이미지 생성 완료
[2024-12-04 01:35:48] Building billing image...
[2024-12-04 01:36:03] billing 이미지 생성 완료
[2024-12-04 01:36:03] 기존 리소스 정리 중...
[2024-12-04 01:36:05] scg 리소스 삭제 완료
[2024-12-04 01:36:05] inquiry 리소스 삭제 완료
[2024-12-04 01:36:05] tech 리소스 삭제 완료
[2024-12-04 01:36:05] billing 리소스 삭제 완료
[2024-12-04 01:36:05] MongoDB 리소스 삭제 완료
[2024-12-04 01:36:05] 리소스 정리 완료 대기 중...
[2024-12-04 01:36:15] MongoDB 구성 중...
[2024-12-04 01:36:16] 마이크로서비스 배포 중...
[2024-12-04 01:36:17] 모든 리소스가 성공적으로 생성되었습니다.
[2024-12-04 01:36:17] LoadBalancer IP 할당 대기 중...
[2024-12-04 01:36:17] IP 할당 대기 중... (1/10)
[2024-12-04 01:36:22] IP 할당 대기 중... (2/10)
[2024-12-04 01:36:27] LoadBalancer IP 할당 완료: 20.249.192.70
[2024-12-04 01:36:27] === Gateway 연결 정보 ===
[2024-12-04 01:36:27] Host: 20.249.192.70
[2024-12-04 01:36:27] Port: 8080
[2024-12-04 01:36:27] Swagger: http://20.249.192.70:8080/swagger-ui.html
[2024-12-04 01:36:27] === 서비스 테스트 가이드 ===
[2024-12-04 01:36:27] 일반문의: curl -X POST http://20.249.192.70:8080/inquiry
[2024-12-04 01:36:27] 기술문의: curl -X POST http://20.249.192.70:8080/tech
[2024-12-04 01:36:27] 요금문의: curl -X POST http://20.249.192.70:8080/billing
[2024-12-04 01:40:00] Gateway 패턴 실습환경 구성을 시작합니다...
[2024-12-04 01:40:00] Azure CLI 로그인 상태 확인 중...
[2024-12-04 01:40:00] ACR pull 권한 확인 중...
[2024-12-04 01:40:01] AKS가 Managed Identity를 사용하고 있습니다.
[2024-12-04 01:40:01] ACR pull 권한이 이미 설정되어 있다고 가정합니다.
[2024-12-04 01:40:01] Namespace 생성 중...
[2024-12-04 01:40:02] Namespace ondal-gateway 생성 완료
[2024-12-04 01:40:02] 애플리케이션 빌드 및 이미지 생성 중...
[2024-12-04 01:40:17] Building scg image...
[2024-12-04 01:40:30] scg 이미지 생성 완료
[2024-12-04 01:40:35] Building inquiry image...
[2024-12-04 01:40:48] inquiry 이미지 생성 완료
[2024-12-04 01:40:57] Building tech image...
[2024-12-04 01:41:08] tech 이미지 생성 완료
[2024-12-04 01:41:13] Building billing image...
[2024-12-04 01:41:23] billing 이미지 생성 완료
[2024-12-04 01:41:23] 기존 리소스 정리 중...
[2024-12-04 01:41:24] scg 리소스 삭제 완료
[2024-12-04 01:41:24] inquiry 리소스 삭제 완료
[2024-12-04 01:41:24] tech 리소스 삭제 완료
[2024-12-04 01:41:24] billing 리소스 삭제 완료
[2024-12-04 01:41:24] MongoDB 리소스 삭제 완료
[2024-12-04 01:41:24] 리소스 정리 완료 대기 중...
[2024-12-04 01:41:34] MongoDB 구성 중...
[2024-12-04 01:41:35] 마이크로서비스 배포 중...
[2024-12-04 01:41:36] 모든 리소스가 성공적으로 생성되었습니다.
[2024-12-04 01:41:36] LoadBalancer IP 할당 대기 중...
[2024-12-04 01:41:36] IP 할당 대기 중... (1/10)
[2024-12-04 01:41:41] IP 할당 대기 중... (2/10)
[2024-12-04 01:41:46] LoadBalancer IP 할당 완료: 20.249.192.220
[2024-12-04 01:41:46] === Gateway 연결 정보 ===
[2024-12-04 01:41:46] Host: 20.249.192.220
[2024-12-04 01:41:46] Port: 8080
[2024-12-04 01:41:46] Swagger: http://20.249.192.220:8080/swagger-ui.html
[2024-12-04 01:41:46] === 서비스 테스트 가이드 ===
[2024-12-04 01:41:46] 일반문의: curl -X POST http://20.249.192.220:8080/inquiry
[2024-12-04 01:41:46] 기술문의: curl -X POST http://20.249.192.220:8080/tech
[2024-12-04 01:41:46] 요금문의: curl -X POST http://20.249.192.220:8080/billing
[2024-12-04 01:45:04] Gateway 패턴 실습환경 구성을 시작합니다...
[2024-12-04 01:45:04] Azure CLI 로그인 상태 확인 중...
[2024-12-04 01:45:04] ACR pull 권한 확인 중...
[2024-12-04 01:45:06] AKS가 Managed Identity를 사용하고 있습니다.
[2024-12-04 01:45:06] ACR pull 권한이 이미 설정되어 있다고 가정합니다.
[2024-12-04 01:45:06] Namespace 생성 중...
[2024-12-04 01:45:07] Namespace ondal-gateway 생성 완료
[2024-12-04 01:45:07] 애플리케이션 빌드 및 이미지 생성 중...
[2024-12-04 01:45:19] Building scg image...
[2024-12-04 01:45:32] scg 이미지 생성 완료
[2024-12-04 01:45:37] Building inquiry image...
[2024-12-04 01:45:47] inquiry 이미지 생성 완료
[2024-12-04 01:45:55] Building tech image...
[2024-12-04 01:46:06] tech 이미지 생성 완료
[2024-12-04 01:46:13] Building billing image...
[2024-12-04 01:46:24] billing 이미지 생성 완료
[2024-12-04 01:46:24] 기존 리소스 정리 중...
[2024-12-04 01:46:24] scg 리소스 삭제 완료
[2024-12-04 01:46:24] inquiry 리소스 삭제 완료
[2024-12-04 01:46:25] tech 리소스 삭제 완료
[2024-12-04 01:46:25] billing 리소스 삭제 완료
[2024-12-04 01:46:25] MongoDB 리소스 삭제 완료
[2024-12-04 01:46:25] 리소스 정리 완료 대기 중...
[2024-12-04 01:46:35] MongoDB 구성 중...
[2024-12-04 01:46:36] 마이크로서비스 배포 중...
[2024-12-04 01:46:37] 모든 리소스가 성공적으로 생성되었습니다.
[2024-12-04 01:46:37] LoadBalancer IP 할당 대기 중...
[2024-12-04 01:46:37] IP 할당 대기 중... (1/10)
[2024-12-04 01:46:42] IP 할당 대기 중... (2/10)
[2024-12-04 01:46:47] IP 할당 대기 중... (3/10)
[2024-12-04 01:46:52] IP 할당 대기 중... (4/10)
[2024-12-04 01:46:57] IP 할당 대기 중... (5/10)
[2024-12-04 01:47:03] LoadBalancer IP 할당 완료: 20.249.192.220
[2024-12-04 01:47:03] === Gateway 연결 정보 ===
[2024-12-04 01:47:03] Host: 20.249.192.220
[2024-12-04 01:47:03] Port: 8080
[2024-12-04 01:47:03] Swagger: http://20.249.192.220:8080/swagger-ui.html
[2024-12-04 01:47:03] === 서비스 테스트 가이드 ===
[2024-12-04 01:47:03] 일반문의: curl -X POST http://20.249.192.220:8080/inquiry
[2024-12-04 01:47:03] 기술문의: curl -X POST http://20.249.192.220:8080/tech
[2024-12-04 01:47:03] 요금문의: curl -X POST http://20.249.192.220:8080/billing
[2024-12-04 01:53:02] Gateway 패턴 실습환경 구성을 시작합니다...
[2024-12-04 01:53:02] Azure CLI 로그인 상태 확인 중...
[2024-12-04 01:53:02] ACR pull 권한 확인 중...
[2024-12-04 01:53:04] AKS가 Managed Identity를 사용하고 있습니다.
[2024-12-04 01:53:04] ACR pull 권한이 이미 설정되어 있다고 가정합니다.
[2024-12-04 01:53:04] Namespace 생성 중...
[2024-12-04 01:53:04] Namespace ondal-gateway 생성 완료
[2024-12-04 01:53:04] 애플리케이션 빌드 및 이미지 생성 중...
[2024-12-04 01:53:21] Building scg image...
[2024-12-04 01:53:33] scg 이미지 생성 완료
[2024-12-04 01:53:40] Building inquiry image...
[2024-12-04 01:53:50] inquiry 이미지 생성 완료
[2024-12-04 01:53:55] Building tech image...
[2024-12-04 01:54:07] tech 이미지 생성 완료
[2024-12-04 01:54:16] Building billing image...
[2024-12-04 01:54:27] billing 이미지 생성 완료
[2024-12-04 01:54:27] 기존 리소스 정리 중...
[2024-12-04 01:54:29] scg 리소스 삭제 완료
[2024-12-04 01:54:30] inquiry 리소스 삭제 완료
[2024-12-04 01:54:30] tech 리소스 삭제 완료
[2024-12-04 01:54:30] billing 리소스 삭제 완료
[2024-12-04 01:54:30] MongoDB 리소스 삭제 완료
[2024-12-04 01:54:30] 리소스 정리 완료 대기 중...
[2024-12-04 01:54:40] MongoDB 구성 중...
[2024-12-04 01:54:41] 마이크로서비스 배포 중...
[2024-12-04 01:54:42] 모든 리소스가 성공적으로 생성되었습니다.
[2024-12-04 01:54:42] LoadBalancer IP 할당 대기 중...
[2024-12-04 01:54:42] IP 할당 대기 중... (1/10)
[2024-12-04 01:54:47] IP 할당 대기 중... (2/10)
[2024-12-04 01:54:52] IP 할당 대기 중... (3/10)
[2024-12-04 01:54:57] IP 할당 대기 중... (4/10)
[2024-12-04 01:55:03] IP 할당 대기 중... (5/10)
[2024-12-04 01:55:08] LoadBalancer IP 할당 완료: 20.249.186.82
[2024-12-04 01:55:08] === Gateway 연결 정보 ===
[2024-12-04 01:55:08] Host: 20.249.186.82
[2024-12-04 01:55:08] Port: 8080
[2024-12-04 01:55:08] Swagger: http://20.249.186.82:8080/swagger-ui.html
[2024-12-04 01:55:08] === 서비스 테스트 가이드 ===
[2024-12-04 01:55:08] 일반문의: curl -X POST http://20.249.186.82:8080/inquiry
[2024-12-04 01:55:08] 기술문의: curl -X POST http://20.249.186.82:8080/tech
[2024-12-04 01:55:08] 요금문의: curl -X POST http://20.249.186.82:8080/billing
[2024-12-04 01:59:25] Gateway 패턴 실습환경 구성을 시작합니다...
[2024-12-04 01:59:25] Azure CLI 로그인 상태 확인 중...
[2024-12-04 01:59:26] ACR pull 권한 확인 중...
[2024-12-04 01:59:27] AKS가 Managed Identity를 사용하고 있습니다.
[2024-12-04 01:59:27] ACR pull 권한이 이미 설정되어 있다고 가정합니다.
[2024-12-04 01:59:27] Namespace 생성 중...
[2024-12-04 01:59:27] Namespace ondal-gateway 생성 완료
[2024-12-04 01:59:27] 애플리케이션 빌드 및 이미지 생성 중...
[2024-12-04 01:59:45] Building scg image...
[2024-12-04 01:59:55] scg 이미지 생성 완료
[2024-12-04 01:59:58] Error: inquiry Gradle 빌드 실패
[2024-12-04 02:01:39] Gateway 패턴 실습환경 구성을 시작합니다...
[2024-12-04 02:01:39] Azure CLI 로그인 상태 확인 중...
[2024-12-04 02:01:40] ACR pull 권한 확인 중...
[2024-12-04 02:01:41] AKS가 Managed Identity를 사용하고 있습니다.
[2024-12-04 02:01:41] ACR pull 권한이 이미 설정되어 있다고 가정합니다.
[2024-12-04 02:01:41] Namespace 생성 중...
[2024-12-04 02:01:41] Namespace ondal-gateway 생성 완료
[2024-12-04 02:01:41] 애플리케이션 빌드 및 이미지 생성 중...
[2024-12-04 02:01:51] Building scg image...
[2024-12-04 02:02:01] scg 이미지 생성 완료
[2024-12-04 02:02:07] Building inquiry image...
[2024-12-04 02:02:17] inquiry 이미지 생성 완료
[2024-12-04 02:02:22] Building tech image...
[2024-12-04 02:02:32] tech 이미지 생성 완료
[2024-12-04 02:02:38] Building billing image...
[2024-12-04 02:02:47] billing 이미지 생성 완료
[2024-12-04 02:02:47] 기존 리소스 정리 중...
[2024-12-04 02:02:48] scg 리소스 삭제 완료
[2024-12-04 02:02:48] inquiry 리소스 삭제 완료
[2024-12-04 02:02:48] tech 리소스 삭제 완료
[2024-12-04 02:02:48] billing 리소스 삭제 완료
[2024-12-04 02:02:49] MongoDB 리소스 삭제 완료
[2024-12-04 02:02:49] 리소스 정리 완료 대기 중...
[2024-12-04 02:02:59] MongoDB 구성 중...
[2024-12-04 02:02:59] 마이크로서비스 배포 중...
[2024-12-04 02:03:00] 모든 리소스가 성공적으로 생성되었습니다.
[2024-12-04 02:03:00] LoadBalancer IP 할당 대기 중...
[2024-12-04 02:03:01] IP 할당 대기 중... (1/10)
[2024-12-04 02:03:06] IP 할당 대기 중... (2/10)
[2024-12-04 02:03:11] IP 할당 대기 중... (3/10)
[2024-12-04 02:03:17] IP 할당 대기 중... (4/10)
[2024-12-04 02:03:22] IP 할당 대기 중... (5/10)
[2024-12-04 02:03:27] IP 할당 대기 중... (6/10)
[2024-12-04 02:03:32] LoadBalancer IP 할당 완료: 20.249.186.82
[2024-12-04 02:03:32] === Gateway 연결 정보 ===
[2024-12-04 02:03:32] Host: 20.249.186.82
[2024-12-04 02:03:32] Port: 8080
[2024-12-04 02:03:32] Swagger: http://20.249.186.82:8080/swagger-ui.html
[2024-12-04 02:03:32] === 서비스 테스트 가이드 ===
[2024-12-04 02:03:32] 일반문의: curl -X POST http://20.249.186.82:8080/inquiry
[2024-12-04 02:03:32] 기술문의: curl -X POST http://20.249.186.82:8080/tech
[2024-12-04 02:03:32] 요금문의: curl -X POST http://20.249.186.82:8080/billing
[2024-12-04 02:16:11] Gateway 패턴 실습환경 구성을 시작합니다...
[2024-12-04 02:16:11] Azure CLI 로그인 상태 확인 중...
[2024-12-04 02:16:12] ACR pull 권한 확인 중...
[2024-12-04 02:16:13] AKS가 Managed Identity를 사용하고 있습니다.
[2024-12-04 02:16:13] ACR pull 권한이 이미 설정되어 있다고 가정합니다.
[2024-12-04 02:16:13] Namespace 생성 중...
[2024-12-04 02:16:13] Namespace ondal-gateway 생성 완료
[2024-12-04 02:16:13] 애플리케이션 빌드 및 이미지 생성 중...
[2024-12-04 02:16:29] Building scg image...
[2024-12-04 02:16:38] scg 이미지 생성 완료
[2024-12-04 02:16:44] Building inquiry image...
[2024-12-04 02:16:52] inquiry 이미지 생성 완료
[2024-12-04 02:16:59] Building tech image...
[2024-12-04 02:17:09] tech 이미지 생성 완료
[2024-12-04 02:17:15] Building billing image...
[2024-12-04 02:17:23] billing 이미지 생성 완료
[2024-12-04 02:17:23] 기존 리소스 정리 중...
[2024-12-04 02:17:24] scg 리소스 삭제 완료
[2024-12-04 02:17:24] inquiry 리소스 삭제 완료
[2024-12-04 02:17:24] tech 리소스 삭제 완료
[2024-12-04 02:17:24] billing 리소스 삭제 완료
[2024-12-04 02:17:24] MongoDB 리소스 삭제 완료
[2024-12-04 02:17:24] 리소스 정리 완료 대기 중...
[2024-12-04 02:17:34] MongoDB 구성 중...
[2024-12-04 02:17:35] 마이크로서비스 배포 중...
[2024-12-04 02:17:36] 모든 리소스가 성공적으로 생성되었습니다.
[2024-12-04 02:17:36] LoadBalancer IP 할당 대기 중...
[2024-12-04 02:17:36] IP 할당 대기 중... (1/10)
[2024-12-04 02:17:41] IP 할당 대기 중... (2/10)
[2024-12-04 02:17:47] IP 할당 대기 중... (3/10)
[2024-12-04 02:17:52] IP 할당 대기 중... (4/10)
[2024-12-04 02:17:57] IP 할당 대기 중... (5/10)
[2024-12-04 02:18:02] IP 할당 대기 중... (6/10)
[2024-12-04 02:18:07] IP 할당 대기 중... (7/10)
[2024-12-04 02:18:12] LoadBalancer IP 할당 완료: 20.214.113.127
[2024-12-04 02:18:12] === Gateway 연결 정보 ===
[2024-12-04 02:18:12] Host: 20.214.113.127
[2024-12-04 02:18:12] Port: 8080
[2024-12-04 02:18:12] Swagger: http://20.214.113.127:8080/swagger-ui.html
[2024-12-04 02:18:12] === 서비스 테스트 가이드 ===
[2024-12-04 02:18:12] 일반문의: curl -X POST http://20.214.113.127:8080/inquiry
[2024-12-04 02:18:12] 기술문의: curl -X POST http://20.214.113.127:8080/tech
[2024-12-04 02:18:12] 요금문의: curl -X POST http://20.214.113.127:8080/billing
[2024-12-04 02:28:40] Gateway 패턴 실습환경 구성을 시작합니다...
[2024-12-04 02:28:40] Azure CLI 로그인 상태 확인 중...
[2024-12-04 02:28:40] ACR pull 권한 확인 중...
[2024-12-04 02:28:42] AKS가 Managed Identity를 사용하고 있습니다.
[2024-12-04 02:28:42] ACR pull 권한이 이미 설정되어 있다고 가정합니다.
[2024-12-04 02:28:42] Namespace 생성 중...
[2024-12-04 02:28:42] Namespace ondal-gateway 생성 완료
[2024-12-04 02:28:42] 애플리케이션 빌드 및 이미지 생성 중...
[2024-12-04 02:28:58] Building scg image...
[2024-12-04 02:29:07] scg 이미지 생성 완료
[2024-12-04 02:29:11] Building inquiry image...
[2024-12-04 02:29:19] inquiry 이미지 생성 완료
[2024-12-04 02:29:23] Building tech image...
[2024-12-04 02:29:31] tech 이미지 생성 완료
[2024-12-04 02:29:36] Building billing image...
[2024-12-04 02:29:45] billing 이미지 생성 완료
[2024-12-04 02:29:45] 기존 리소스 정리 중...
[2024-12-04 02:29:45] scg 리소스 삭제 완료
[2024-12-04 02:29:45] inquiry 리소스 삭제 완료
[2024-12-04 02:29:45] tech 리소스 삭제 완료
[2024-12-04 02:29:45] billing 리소스 삭제 완료
[2024-12-04 02:29:46] MongoDB 리소스 삭제 완료
[2024-12-04 02:29:46] 리소스 정리 완료 대기 중...
[2024-12-04 02:29:56] MongoDB 구성 중...
[2024-12-04 02:29:57] 마이크로서비스 배포 중...
[2024-12-04 02:29:58] 모든 리소스가 성공적으로 생성되었습니다.
[2024-12-04 02:29:58] LoadBalancer IP 할당 대기 중...
[2024-12-04 02:29:58] IP 할당 대기 중... (1/10)
[2024-12-04 02:30:03] IP 할당 대기 중... (2/10)
[2024-12-04 02:30:09] IP 할당 대기 중... (3/10)
[2024-12-04 02:30:14] IP 할당 대기 중... (4/10)
[2024-12-04 02:30:19] IP 할당 대기 중... (5/10)
[2024-12-04 02:30:24] LoadBalancer IP 할당 완료: 20.249.200.251
[2024-12-04 02:30:24] === Gateway 연결 정보 ===
[2024-12-04 02:30:24] Host: 20.249.200.251
[2024-12-04 02:30:24] Port: 8080
[2024-12-04 02:30:24] Swagger: http://20.249.200.251:8080/swagger-ui.html
[2024-12-04 02:30:24] === 서비스 테스트 가이드 ===
[2024-12-04 02:30:24] 일반문의: curl -X POST http://20.249.200.251:8080/inquiry
[2024-12-04 02:30:24] 기술문의: curl -X POST http://20.249.200.251:8080/tech
[2024-12-04 02:30:24] 요금문의: curl -X POST http://20.249.200.251:8080/billing
[2024-12-04 02:34:38] Gateway 패턴 실습환경 구성을 시작합니다...
[2024-12-04 02:34:38] Azure CLI 로그인 상태 확인 중...
[2024-12-04 02:34:38] ACR pull 권한 확인 중...
[2024-12-04 02:34:39] AKS가 Managed Identity를 사용하고 있습니다.
[2024-12-04 02:34:39] ACR pull 권한이 이미 설정되어 있다고 가정합니다.
[2024-12-04 02:34:39] Namespace 생성 중...
[2024-12-04 02:34:40] Namespace ondal-gateway 생성 완료
[2024-12-04 02:34:40] 애플리케이션 빌드 및 이미지 생성 중...
[2024-12-04 02:34:50] Building scg image...
[2024-12-04 02:35:00] scg 이미지 생성 완료
[2024-12-04 02:35:05] Building inquiry image...
[2024-12-04 02:35:15] inquiry 이미지 생성 완료
[2024-12-04 02:35:29] Building tech image...
[2024-12-04 02:35:44] tech 이미지 생성 완료
[2024-12-04 02:35:56] Building billing image...
[2024-12-04 02:36:15] billing 이미지 생성 완료
[2024-12-04 02:36:15] 기존 리소스 정리 중...
[2024-12-04 02:36:16] scg 리소스 삭제 완료
[2024-12-04 02:36:16] inquiry 리소스 삭제 완료
[2024-12-04 02:36:17] tech 리소스 삭제 완료
[2024-12-04 02:36:17] billing 리소스 삭제 완료
[2024-12-04 02:36:17] MongoDB 리소스 삭제 완료
[2024-12-04 02:36:17] 리소스 정리 완료 대기 중...
[2024-12-04 02:36:27] MongoDB 구성 중...
[2024-12-04 02:36:29] 마이크로서비스 배포 중...
[2024-12-04 02:36:31] 모든 리소스가 성공적으로 생성되었습니다.
[2024-12-04 02:36:31] LoadBalancer IP 할당 대기 중...
[2024-12-04 02:36:32] IP 할당 대기 중... (1/10)
[2024-12-04 02:36:37] IP 할당 대기 중... (2/10)
[2024-12-04 02:36:42] IP 할당 대기 중... (3/10)
[2024-12-04 02:36:48] IP 할당 대기 중... (4/10)
[2024-12-04 02:36:55] IP 할당 대기 중... (5/10)
[2024-12-04 02:37:00] IP 할당 대기 중... (6/10)
[2024-12-04 02:37:06] LoadBalancer IP 할당 완료: 20.249.200.251
[2024-12-04 02:37:06] === Gateway 연결 정보 ===
[2024-12-04 02:37:06] Host: 20.249.200.251
[2024-12-04 02:37:06] Port: 8080
[2024-12-04 02:37:06] Swagger: http://20.249.200.251:8080/swagger-ui.html
[2024-12-04 02:37:06] === 서비스 테스트 가이드 ===
[2024-12-04 02:37:06] 일반문의: curl -X POST http://20.249.200.251:8080/inquiry
[2024-12-04 02:37:07] 기술문의: curl -X POST http://20.249.200.251:8080/tech
[2024-12-04 02:37:07] 요금문의: curl -X POST http://20.249.200.251:8080/billing
[2024-12-04 02:55:30] Gateway 패턴 실습환경 구성을 시작합니다...
[2024-12-04 02:55:30] Azure CLI 로그인 상태 확인 중...
[2024-12-04 02:55:30] ACR pull 권한 확인 중...
[2024-12-04 02:55:32] AKS가 Managed Identity를 사용하고 있습니다.
[2024-12-04 02:55:32] ACR pull 권한이 이미 설정되어 있다고 가정합니다.
[2024-12-04 02:55:32] Namespace 생성 중...
[2024-12-04 02:55:32] Namespace ondal-gateway 생성 완료
[2024-12-04 02:55:32] 애플리케이션 빌드 및 이미지 생성 중...
[2024-12-04 02:55:41] Error: ACR 로그인 실패
[2024-12-04 02:55:57] Gateway 패턴 실습환경 구성을 시작합니다...
[2024-12-04 02:55:57] Azure CLI 로그인 상태 확인 중...
[2024-12-04 02:55:58] ACR pull 권한 확인 중...
[2024-12-04 02:55:59] AKS가 Managed Identity를 사용하고 있습니다.
[2024-12-04 02:55:59] ACR pull 권한이 이미 설정되어 있다고 가정합니다.
[2024-12-04 02:55:59] Namespace 생성 중...
[2024-12-04 02:55:59] Namespace ondal-gateway 생성 완료
[2024-12-04 02:55:59] 애플리케이션 빌드 및 이미지 생성 중...
[2024-12-04 02:56:01] Error: ACR 로그인 실패
[2024-12-04 02:56:29] Gateway 패턴 실습환경 구성을 시작합니다...
[2024-12-04 02:56:29] Azure CLI 로그인 상태 확인 중...
[2024-12-04 02:56:30] ACR pull 권한 확인 중...
[2024-12-04 02:56:31] AKS가 Managed Identity를 사용하고 있습니다.
[2024-12-04 02:56:31] ACR pull 권한이 이미 설정되어 있다고 가정합니다.
[2024-12-04 02:56:31] Namespace 생성 중...
[2024-12-04 02:56:31] Namespace ondal-gateway 생성 완료
[2024-12-04 02:56:31] 애플리케이션 빌드 및 이미지 생성 중...
[2024-12-04 02:56:44] Building scg image...
[2024-12-04 02:56:53] scg 이미지 생성 완료
[2024-12-04 02:56:58] Building inquiry image...
[2024-12-04 02:57:07] inquiry 이미지 생성 완료
[2024-12-04 02:57:12] Building tech image...
[2024-12-04 02:57:20] tech 이미지 생성 완료
[2024-12-04 02:57:24] Building billing image...
[2024-12-04 02:57:32] billing 이미지 생성 완료
[2024-12-04 02:57:32] 기존 리소스 정리 중...
[2024-12-04 02:57:32] scg 리소스 삭제 완료
[2024-12-04 02:57:33] inquiry 리소스 삭제 완료
[2024-12-04 02:57:33] tech 리소스 삭제 완료
[2024-12-04 02:57:33] billing 리소스 삭제 완료
[2024-12-04 02:57:33] MongoDB 리소스 삭제 완료
[2024-12-04 02:57:33] 리소스 정리 완료 대기 중...
[2024-12-04 02:57:43] MongoDB 구성 중...
[2024-12-04 02:57:44] 마이크로서비스 배포 중...
[2024-12-04 02:57:47] 모든 리소스가 성공적으로 생성되었습니다.
[2024-12-04 02:57:47] LoadBalancer IP 할당 대기 중...
[2024-12-04 02:57:47] IP 할당 대기 중... (1/10)
[2024-12-04 02:57:52] IP 할당 대기 중... (2/10)
[2024-12-04 02:57:57] IP 할당 대기 중... (3/10)
[2024-12-04 02:58:03] IP 할당 대기 중... (4/10)
[2024-12-04 02:58:08] IP 할당 대기 중... (5/10)
[2024-12-04 02:58:13] IP 할당 대기 중... (6/10)
[2024-12-04 02:58:18] LoadBalancer IP 할당 완료: 20.249.177.196
[2024-12-04 02:58:18] === Gateway 연결 정보 ===
[2024-12-04 02:58:18] Host: 20.249.177.196
[2024-12-04 02:58:18] Port: 8080
[2024-12-04 02:58:18] Swagger: http://20.249.177.196:8080/swagger-ui.html
[2024-12-04 02:58:18] === 서비스 테스트 가이드 ===
[2024-12-04 02:58:18] 일반문의: curl -X POST http://20.249.177.196:8080/inquiry
[2024-12-04 02:58:18] 기술문의: curl -X POST http://20.249.177.196:8080/tech
[2024-12-04 02:58:18] 요금문의: curl -X POST http://20.249.177.196:8080/billing
[2024-12-04 03:11:03] Gateway 패턴 실습환경 구성을 시작합니다...
[2024-12-04 03:11:03] Azure CLI 로그인 상태 확인 중...
[2024-12-04 03:11:04] ACR pull 권한 확인 중...
[2024-12-04 03:11:05] AKS가 Managed Identity를 사용하고 있습니다.
[2024-12-04 03:11:05] ACR pull 권한이 이미 설정되어 있다고 가정합니다.
[2024-12-04 03:11:05] Namespace 생성 중...
[2024-12-04 03:11:05] Namespace ondal-gateway 생성 완료
[2024-12-04 03:11:05] 애플리케이션 빌드 및 이미지 생성 중...
[2024-12-04 03:12:48] Building scg image...
[2024-12-04 03:12:58] scg 이미지 생성 완료
[2024-12-04 03:13:04] Building inquiry image...
[2024-12-04 03:13:13] inquiry 이미지 생성 완료
[2024-12-04 03:13:19] Building tech image...
[2024-12-04 03:13:27] tech 이미지 생성 완료
[2024-12-04 03:13:32] Building billing image...
[2024-12-04 03:13:41] billing 이미지 생성 완료
[2024-12-04 03:13:41] 기존 리소스 정리 중...
[2024-12-04 03:13:41] scg 리소스 삭제 완료
[2024-12-04 03:13:42] inquiry 리소스 삭제 완료
[2024-12-04 03:13:42] tech 리소스 삭제 완료
[2024-12-04 03:13:42] billing 리소스 삭제 완료
[2024-12-04 03:13:42] MongoDB 리소스 삭제 완료
[2024-12-04 03:13:42] 리소스 정리 완료 대기 중...
[2024-12-04 03:13:52] MongoDB 구성 중...
[2024-12-04 03:13:53] 마이크로서비스 배포 중...
[2024-12-04 03:13:54] 모든 리소스가 성공적으로 생성되었습니다.
[2024-12-04 03:13:54] LoadBalancer IP 할당 대기 중...
[2024-12-04 03:13:54] IP 할당 대기 중... (1/10)
[2024-12-04 03:13:59] IP 할당 대기 중... (2/10)
[2024-12-04 03:14:04] IP 할당 대기 중... (3/10)
[2024-12-04 03:14:10] IP 할당 대기 중... (4/10)
[2024-12-04 03:14:15] IP 할당 대기 중... (5/10)
[2024-12-04 03:14:20] LoadBalancer IP 할당 완료: 20.249.175.89
[2024-12-04 03:14:20] === Gateway 연결 정보 ===
[2024-12-04 03:14:20] Host: 20.249.175.89
[2024-12-04 03:14:20] Port: 8080
[2024-12-04 03:14:20] Swagger: http://20.249.175.89:8080/swagger-ui.html
[2024-12-04 03:14:20] === 서비스 테스트 가이드 ===
[2024-12-04 03:14:20] 일반문의: curl -X POST http://20.249.175.89:8080/inquiry
[2024-12-04 03:14:20] 기술문의: curl -X POST http://20.249.175.89:8080/tech
[2024-12-04 03:14:20] 요금문의: curl -X POST http://20.249.175.89:8080/billing
[2024-12-04 03:34:36] Gateway 패턴 실습환경 구성을 시작합니다...
[2024-12-04 03:34:36] Azure CLI 로그인 상태 확인 중...
[2024-12-04 03:34:36] ACR pull 권한 확인 중...
[2024-12-04 03:34:37] AKS가 Managed Identity를 사용하고 있습니다.
[2024-12-04 03:34:37] ACR pull 권한이 이미 설정되어 있다고 가정합니다.
[2024-12-04 03:34:37] Namespace 생성 중...
[2024-12-04 03:34:38] Namespace ondal-gateway 생성 완료
[2024-12-04 03:34:38] 애플리케이션 빌드 및 이미지 생성 중...
[2024-12-04 03:35:04] Building scg image...
[2024-12-04 03:35:13] scg 이미지 생성 완료
[2024-12-04 03:35:16] Building inquiry image...
[2024-12-04 03:35:24] inquiry 이미지 생성 완료
[2024-12-04 03:35:28] Building tech image...
[2024-12-04 03:35:37] tech 이미지 생성 완료
[2024-12-04 03:35:40] Building billing image...
[2024-12-04 03:35:48] billing 이미지 생성 완료
[2024-12-04 03:35:48] 기존 리소스 정리 중...
[2024-12-04 03:35:48] scg 리소스 삭제 완료
[2024-12-04 03:35:48] inquiry 리소스 삭제 완료
[2024-12-04 03:35:48] tech 리소스 삭제 완료
[2024-12-04 03:35:49] billing 리소스 삭제 완료
[2024-12-04 03:35:49] MongoDB 리소스 삭제 완료
[2024-12-04 03:35:49] 리소스 정리 완료 대기 중...
[2024-12-04 03:35:59] MongoDB 구성 중...
[2024-12-04 03:35:59] 마이크로서비스 배포 중...
[2024-12-04 03:36:01] 모든 리소스가 성공적으로 생성되었습니다.
[2024-12-04 03:36:01] LoadBalancer IP 할당 대기 중...
[2024-12-04 03:36:01] IP 할당 대기 중... (1/10)
[2024-12-04 03:36:06] IP 할당 대기 중... (2/10)
[2024-12-04 03:36:11] IP 할당 대기 중... (3/10)
[2024-12-04 03:36:17] IP 할당 대기 중... (4/10)
[2024-12-04 03:36:22] IP 할당 대기 중... (5/10)
[2024-12-04 03:36:27] LoadBalancer IP 할당 완료: 20.249.186.186
[2024-12-04 03:36:27] === Gateway 연결 정보 ===
[2024-12-04 03:36:27] Host: 20.249.186.186
[2024-12-04 03:36:27] Port: 8080
[2024-12-04 03:36:27] === 서비스 테스트 페이지 ===
[2024-12-04 03:36:27] http://20.249.186.186:8080/static/index.html
[2024-12-04 03:44:22] Gateway 패턴 실습환경 구성을 시작합니다...
[2024-12-04 03:44:22] Azure CLI 로그인 상태 확인 중...
[2024-12-04 03:44:22] ACR pull 권한 확인 중...
[2024-12-04 03:44:23] AKS가 Managed Identity를 사용하고 있습니다.
[2024-12-04 03:44:23] ACR pull 권한이 이미 설정되어 있다고 가정합니다.
[2024-12-04 03:44:23] Namespace 생성 중...
[2024-12-04 03:44:23] Namespace ondal-gateway 생성 완료
[2024-12-04 03:44:23] 애플리케이션 빌드 및 이미지 생성 중...
[2024-12-04 03:44:39] Building scg image...
[2024-12-04 03:44:48] scg 이미지 생성 완료
[2024-12-04 03:44:52] Building inquiry image...
[2024-12-04 03:45:00] inquiry 이미지 생성 완료
[2024-12-04 03:45:04] Building tech image...
[2024-12-04 03:45:12] tech 이미지 생성 완료
[2024-12-04 03:45:15] Building billing image...
[2024-12-04 03:45:23] billing 이미지 생성 완료
[2024-12-04 03:45:23] 기존 리소스 정리 중...
[2024-12-04 03:45:23] scg 리소스 삭제 완료
[2024-12-04 03:45:24] inquiry 리소스 삭제 완료
[2024-12-04 03:45:24] tech 리소스 삭제 완료
[2024-12-04 03:45:24] billing 리소스 삭제 완료
[2024-12-04 03:45:24] MongoDB 리소스 삭제 완료
[2024-12-04 03:45:24] 리소스 정리 완료 대기 중...
[2024-12-04 03:45:34] MongoDB 구성 중...
[2024-12-04 03:45:35] 마이크로서비스 배포 중...
[2024-12-04 03:45:36] 모든 리소스가 성공적으로 생성되었습니다.
[2024-12-04 03:45:36] LoadBalancer IP 할당 대기 중...
[2024-12-04 03:45:36] IP 할당 대기 중... (1/10)
[2024-12-04 03:45:41] IP 할당 대기 중... (2/10)
[2024-12-04 03:45:47] IP 할당 대기 중... (3/10)
[2024-12-04 03:45:52] IP 할당 대기 중... (4/10)
[2024-12-04 03:45:57] IP 할당 대기 중... (5/10)
[2024-12-04 03:46:02] LoadBalancer IP 할당 완료: 20.249.186.186
[2024-12-04 03:46:02] === Gateway 연결 정보 ===
[2024-12-04 03:46:02] Host: 20.249.186.186
[2024-12-04 03:46:02] Port: 8080
[2024-12-04 03:46:02] === 서비스 테스트 페이지 ===
[2024-12-04 03:46:02] http://20.249.186.186:8080/static/index.html
[2024-12-04 03:50:49] Gateway 패턴 실습환경 구성을 시작합니다...
[2024-12-04 03:50:49] Azure CLI 로그인 상태 확인 중...
[2024-12-04 03:50:49] ACR pull 권한 확인 중...
[2024-12-04 03:50:51] AKS가 Managed Identity를 사용하고 있습니다.
[2024-12-04 03:50:51] ACR pull 권한이 이미 설정되어 있다고 가정합니다.
[2024-12-04 03:50:51] Namespace 생성 중...
[2024-12-04 03:50:51] Namespace ondal-gateway 생성 완료
[2024-12-04 03:50:51] 애플리케이션 빌드 및 이미지 생성 중...
[2024-12-04 03:51:08] Building scg image...
[2024-12-04 03:51:17] scg 이미지 생성 완료
[2024-12-04 03:51:20] Building inquiry image...
[2024-12-04 03:51:27] inquiry 이미지 생성 완료
[2024-12-04 03:51:31] Building tech image...
[2024-12-04 03:51:42] tech 이미지 생성 완료
[2024-12-04 03:51:46] Building billing image...
[2024-12-04 03:51:55] billing 이미지 생성 완료
[2024-12-04 03:51:55] 기존 리소스 정리 중...
[2024-12-04 03:51:55] scg 리소스 삭제 완료
[2024-12-04 03:51:55] inquiry 리소스 삭제 완료
[2024-12-04 03:51:55] tech 리소스 삭제 완료
[2024-12-04 03:51:55] billing 리소스 삭제 완료
[2024-12-04 03:51:56] MongoDB 리소스 삭제 완료
[2024-12-04 03:51:56] 리소스 정리 완료 대기 중...
[2024-12-04 03:52:06] MongoDB 구성 중...
[2024-12-04 03:52:06] 마이크로서비스 배포 중...
[2024-12-04 03:52:08] 모든 리소스가 성공적으로 생성되었습니다.
[2024-12-04 03:52:08] LoadBalancer IP 할당 대기 중...
[2024-12-04 03:52:08] IP 할당 대기 중... (1/10)
[2024-12-04 03:52:13] IP 할당 대기 중... (2/10)
[2024-12-04 03:52:18] IP 할당 대기 중... (3/10)
[2024-12-04 03:52:23] IP 할당 대기 중... (4/10)
[2024-12-04 03:52:28] IP 할당 대기 중... (5/10)
[2024-12-04 03:52:33] LoadBalancer IP 할당 완료: 20.249.201.183
[2024-12-04 03:52:33] === Gateway 연결 정보 ===
[2024-12-04 03:52:33] Host: 20.249.201.183
[2024-12-04 03:52:33] Port: 8080
[2024-12-04 03:52:33] === 서비스 테스트 페이지 ===
[2024-12-04 03:52:33] http://20.249.201.183:8080/static/index.html
[2024-12-04 03:56:45] Gateway 패턴 실습환경 구성을 시작합니다...
[2024-12-04 03:56:45] Azure CLI 로그인 상태 확인 중...
[2024-12-04 03:56:45] ACR pull 권한 확인 중...
[2024-12-04 03:56:46] AKS가 Managed Identity를 사용하고 있습니다.
[2024-12-04 03:56:46] ACR pull 권한이 이미 설정되어 있다고 가정합니다.
[2024-12-04 03:56:46] Namespace 생성 중...
[2024-12-04 03:56:46] Namespace ondal-gateway 생성 완료
[2024-12-04 03:56:46] 애플리케이션 빌드 및 이미지 생성 중...
[2024-12-04 03:56:55] Building scg image...
[2024-12-04 03:57:03] scg 이미지 생성 완료
[2024-12-04 03:57:07] Building inquiry image...
[2024-12-04 03:57:14] inquiry 이미지 생성 완료
[2024-12-04 03:57:18] Building tech image...
[2024-12-04 03:57:28] tech 이미지 생성 완료
[2024-12-04 03:57:32] Building billing image...
[2024-12-04 03:57:39] billing 이미지 생성 완료
[2024-12-04 03:57:39] 기존 리소스 정리 중...
[2024-12-04 03:57:40] scg 리소스 삭제 완료
[2024-12-04 03:57:40] inquiry 리소스 삭제 완료
[2024-12-04 03:57:40] tech 리소스 삭제 완료
[2024-12-04 03:57:40] billing 리소스 삭제 완료
[2024-12-04 03:57:40] MongoDB 리소스 삭제 완료
[2024-12-04 03:57:40] 리소스 정리 완료 대기 중...
[2024-12-04 03:57:50] MongoDB 구성 중...
[2024-12-04 03:57:51] 마이크로서비스 배포 중...
[2024-12-04 03:57:52] 모든 리소스가 성공적으로 생성되었습니다.
[2024-12-04 03:57:53] LoadBalancer IP 할당 대기 중...
[2024-12-04 03:57:53] IP 할당 대기 중... (1/10)
[2024-12-04 03:57:58] IP 할당 대기 중... (2/10)
[2024-12-04 03:58:03] IP 할당 대기 중... (3/10)
[2024-12-04 03:58:08] IP 할당 대기 중... (4/10)
[2024-12-04 03:58:13] IP 할당 대기 중... (5/10)
[2024-12-04 03:58:18] LoadBalancer IP 할당 완료: 20.249.201.183
[2024-12-04 03:58:18] === Gateway 연결 정보 ===
[2024-12-04 03:58:18] Host: 20.249.201.183
[2024-12-04 03:58:18] Port: 8080
[2024-12-04 03:58:18] === 서비스 테스트 페이지 ===
[2024-12-04 03:58:19] http://20.249.201.183:8080/static/index.html
[2024-12-04 04:05:53] Gateway 패턴 실습환경 구성을 시작합니다...
[2024-12-04 04:05:53] Azure CLI 로그인 상태 확인 중...
[2024-12-04 04:05:53] ACR pull 권한 확인 중...
[2024-12-04 04:05:54] AKS가 Managed Identity를 사용하고 있습니다.
[2024-12-04 04:05:54] ACR pull 권한이 이미 설정되어 있다고 가정합니다.
[2024-12-04 04:05:55] Namespace 생성 중...
[2024-12-04 04:05:55] Namespace ondal-gateway 생성 완료
[2024-12-04 04:05:55] 애플리케이션 빌드 및 이미지 생성 중...
[2024-12-04 04:06:10] Building scg image...
[2024-12-04 04:06:18] scg 이미지 생성 완료
[2024-12-04 04:06:23] Building inquiry image...
[2024-12-04 04:06:31] inquiry 이미지 생성 완료
[2024-12-04 04:06:35] Building tech image...
[2024-12-04 04:06:47] tech 이미지 생성 완료
[2024-12-04 04:06:53] Building billing image...
[2024-12-04 04:07:04] billing 이미지 생성 완료
[2024-12-04 04:07:04] 기존 리소스 정리 중...
[2024-12-04 04:07:05] scg 리소스 삭제 완료
[2024-12-04 04:07:05] inquiry 리소스 삭제 완료
[2024-12-04 04:07:06] tech 리소스 삭제 완료
[2024-12-04 04:07:06] billing 리소스 삭제 완료
[2024-12-04 04:07:06] MongoDB 리소스 삭제 완료
[2024-12-04 04:07:06] 리소스 정리 완료 대기 중...
[2024-12-04 04:07:16] MongoDB 구성 중...
[2024-12-04 04:07:17] 마이크로서비스 배포 중...
[2024-12-04 04:07:18] 모든 리소스가 성공적으로 생성되었습니다.
[2024-12-04 04:07:18] LoadBalancer IP 할당 대기 중...
[2024-12-04 04:07:19] IP 할당 대기 중... (1/10)
[2024-12-04 04:07:24] IP 할당 대기 중... (2/10)
[2024-12-04 04:07:29] IP 할당 대기 중... (3/10)
[2024-12-04 04:07:34] IP 할당 대기 중... (4/10)
[2024-12-04 04:07:40] IP 할당 대기 중... (5/10)
[2024-12-04 04:07:45] LoadBalancer IP 할당 완료: 20.249.201.183
[2024-12-04 04:07:45] === Gateway 연결 정보 ===
[2024-12-04 04:07:45] Host: 20.249.201.183
[2024-12-04 04:07:45] Port: 8080
[2024-12-04 04:07:45] === 서비스 테스트 페이지 ===
[2024-12-04 04:07:45] http://20.249.201.183:8080/static/index.html
[2024-12-04 04:16:16] Gateway 패턴 실습환경 구성을 시작합니다...
[2024-12-04 04:16:16] Azure CLI 로그인 상태 확인 중...
[2024-12-04 04:16:17] ACR pull 권한 확인 중...
[2024-12-04 04:16:18] AKS가 Managed Identity를 사용하고 있습니다.
[2024-12-04 04:16:18] ACR pull 권한이 이미 설정되어 있다고 가정합니다.
[2024-12-04 04:16:18] Namespace 생성 중...
[2024-12-04 04:16:18] Namespace ondal-gateway 생성 완료
[2024-12-04 04:16:18] 애플리케이션 빌드 및 이미지 생성 중...
[2024-12-04 04:16:27] Building scg image...
[2024-12-04 04:16:38] scg 이미지 생성 완료
[2024-12-04 04:16:42] Building inquiry image...
[2024-12-04 04:16:50] inquiry 이미지 생성 완료
[2024-12-04 04:16:53] Building tech image...
[2024-12-04 04:17:01] tech 이미지 생성 완료
[2024-12-04 04:17:05] Building billing image...
[2024-12-04 04:17:13] billing 이미지 생성 완료
[2024-12-04 04:17:13] 기존 리소스 정리 중...
[2024-12-04 04:17:13] scg 리소스 삭제 완료
[2024-12-04 04:17:13] inquiry 리소스 삭제 완료
[2024-12-04 04:17:14] tech 리소스 삭제 완료
[2024-12-04 04:17:14] billing 리소스 삭제 완료
[2024-12-04 04:17:14] MongoDB 리소스 삭제 완료
[2024-12-04 04:17:14] 리소스 정리 완료 대기 중...
[2024-12-04 04:17:24] MongoDB 구성 중...
[2024-12-04 04:17:25] 마이크로서비스 배포 중...
[2024-12-04 04:17:26] 모든 리소스가 성공적으로 생성되었습니다.
[2024-12-04 04:17:26] LoadBalancer IP 할당 대기 중...
[2024-12-04 04:17:26] IP 할당 대기 중... (1/10)
[2024-12-04 04:17:32] IP 할당 대기 중... (2/10)
[2024-12-04 04:17:37] IP 할당 대기 중... (3/10)
[2024-12-04 04:17:42] IP 할당 대기 중... (4/10)
[2024-12-04 04:17:47] IP 할당 대기 중... (5/10)
[2024-12-04 04:17:52] IP 할당 대기 중... (6/10)
[2024-12-04 04:17:57] IP 할당 대기 중... (7/10)
[2024-12-04 04:18:03] LoadBalancer IP 할당 완료: 20.249.173.200
[2024-12-04 04:18:03] === Gateway 연결 정보 ===
[2024-12-04 04:18:03] Host: 20.249.173.200
[2024-12-04 04:18:03] Port: 8080
[2024-12-04 04:18:03] === 서비스 테스트 페이지 ===
[2024-12-04 04:18:03] http://20.249.173.200:8080/static/index.html
[2024-12-04 04:22:37] Gateway 패턴 실습환경 구성을 시작합니다...
[2024-12-04 04:22:37] Azure CLI 로그인 상태 확인 중...
[2024-12-04 04:22:37] ACR pull 권한 확인 중...
[2024-12-04 04:22:38] AKS가 Managed Identity를 사용하고 있습니다.
[2024-12-04 04:22:38] ACR pull 권한이 이미 설정되어 있다고 가정합니다.
[2024-12-04 04:22:38] Namespace 생성 중...
[2024-12-04 04:22:39] Namespace ondal-gateway 생성 완료
[2024-12-04 04:22:39] 애플리케이션 빌드 및 이미지 생성 중...
[2024-12-04 04:22:54] Building scg image...
[2024-12-04 04:23:32] Error: scg 도커 이미지 푸시 실패
[2024-12-04 04:23:47] Gateway 패턴 실습환경 구성을 시작합니다...
[2024-12-04 04:23:47] Azure CLI 로그인 상태 확인 중...
[2024-12-04 04:23:48] ACR pull 권한 확인 중...
[2024-12-04 04:23:49] AKS가 Managed Identity를 사용하고 있습니다.
[2024-12-04 04:23:49] ACR pull 권한이 이미 설정되어 있다고 가정합니다.
[2024-12-04 04:23:49] Namespace 생성 중...
[2024-12-04 04:23:49] Namespace ondal-gateway 생성 완료
[2024-12-04 04:23:49] 애플리케이션 빌드 및 이미지 생성 중...
[2024-12-04 04:23:57] Building scg image...
[2024-12-04 04:24:05] scg 이미지 생성 완료
[2024-12-04 04:24:08] Building inquiry image...
[2024-12-04 04:24:17] inquiry 이미지 생성 완료
[2024-12-04 04:24:23] Building tech image...
[2024-12-04 04:24:31] tech 이미지 생성 완료
[2024-12-04 04:24:36] Building billing image...
[2024-12-04 04:24:44] billing 이미지 생성 완료
[2024-12-04 04:24:44] 기존 리소스 정리 중...
[2024-12-04 04:24:44] scg 리소스 삭제 완료
[2024-12-04 04:24:44] inquiry 리소스 삭제 완료
[2024-12-04 04:24:44] tech 리소스 삭제 완료
[2024-12-04 04:24:45] billing 리소스 삭제 완료
[2024-12-04 04:24:45] MongoDB 리소스 삭제 완료
[2024-12-04 04:24:45] 리소스 정리 완료 대기 중...
[2024-12-04 04:24:55] MongoDB 구성 중...
[2024-12-04 04:24:55] 마이크로서비스 배포 중...
[2024-12-04 04:24:57] 모든 리소스가 성공적으로 생성되었습니다.
[2024-12-04 04:24:57] LoadBalancer IP 할당 대기 중...
[2024-12-04 04:24:57] IP 할당 대기 중... (1/10)
[2024-12-04 04:25:02] IP 할당 대기 중... (2/10)
[2024-12-04 04:25:07] IP 할당 대기 중... (3/10)
[2024-12-04 04:25:12] IP 할당 대기 중... (4/10)
[2024-12-04 04:25:18] IP 할당 대기 중... (5/10)
[2024-12-04 04:25:23] IP 할당 대기 중... (6/10)
[2024-12-04 04:25:28] IP 할당 대기 중... (7/10)
[2024-12-04 04:25:33] LoadBalancer IP 할당 완료: 20.249.173.200
[2024-12-04 04:25:33] === Gateway 연결 정보 ===
[2024-12-04 04:25:33] Host: 20.249.173.200
[2024-12-04 04:25:33] Port: 8080
[2024-12-04 04:25:33] === 서비스 테스트 페이지 ===
[2024-12-04 04:25:33] http://20.249.173.200:8080/static/index.html
[2024-12-04 04:26:31] Gateway 패턴 실습환경 구성을 시작합니다...
[2024-12-04 04:26:31] Azure CLI 로그인 상태 확인 중...
[2024-12-04 04:26:32] ACR pull 권한 확인 중...
[2024-12-04 04:26:34] AKS가 Managed Identity를 사용하고 있습니다.
[2024-12-04 04:26:34] ACR pull 권한이 이미 설정되어 있다고 가정합니다.
[2024-12-04 04:26:34] Namespace 생성 중...
[2024-12-04 04:26:34] Namespace ondal-gateway 생성 완료
[2024-12-04 04:26:34] 애플리케이션 빌드 및 이미지 생성 중...
[2024-12-04 04:26:43] Building scg image...
[2024-12-04 04:26:51] scg 이미지 생성 완료
[2024-12-04 04:26:54] Building inquiry image...
[2024-12-04 04:27:04] inquiry 이미지 생성 완료
[2024-12-04 04:27:08] Building tech image...
[2024-12-04 04:27:18] tech 이미지 생성 완료
[2024-12-04 04:27:23] Building billing image...
[2024-12-04 04:27:32] billing 이미지 생성 완료
[2024-12-04 04:27:32] 기존 리소스 정리 중...
[2024-12-04 04:27:33] scg 리소스 삭제 완료
[2024-12-04 04:27:33] inquiry 리소스 삭제 완료
[2024-12-04 04:27:33] tech 리소스 삭제 완료
[2024-12-04 04:27:33] billing 리소스 삭제 완료
[2024-12-04 04:27:34] MongoDB 리소스 삭제 완료
[2024-12-04 04:27:34] 리소스 정리 완료 대기 중...
[2024-12-04 04:27:44] MongoDB 구성 중...
[2024-12-04 04:27:45] 마이크로서비스 배포 중...
[2024-12-04 04:27:46] 모든 리소스가 성공적으로 생성되었습니다.
[2024-12-04 04:27:46] LoadBalancer IP 할당 대기 중...
[2024-12-04 04:27:46] IP 할당 대기 중... (1/10)
[2024-12-04 04:27:51] IP 할당 대기 중... (2/10)
[2024-12-04 04:27:56] IP 할당 대기 중... (3/10)
[2024-12-04 04:28:01] IP 할당 대기 중... (4/10)
[2024-12-04 04:28:07] IP 할당 대기 중... (5/10)
[2024-12-04 04:28:12] IP 할당 대기 중... (6/10)
[2024-12-04 04:28:17] IP 할당 대기 중... (7/10)
[2024-12-04 04:28:22] LoadBalancer IP 할당 완료: 20.249.191.103
[2024-12-04 04:28:22] === Gateway 연결 정보 ===
[2024-12-04 04:28:22] Host: 20.249.191.103
[2024-12-04 04:28:22] Port: 8080
[2024-12-04 04:28:22] === 서비스 테스트 페이지 ===
[2024-12-04 04:28:22] http://20.249.191.103:8080/static/index.html
[2024-12-04 04:29:46] Gateway 패턴 실습환경 구성을 시작합니다...
[2024-12-04 04:29:46] Azure CLI 로그인 상태 확인 중...
[2024-12-04 04:29:46] ACR pull 권한 확인 중...
[2024-12-04 04:29:47] AKS가 Managed Identity를 사용하고 있습니다.
[2024-12-04 04:29:47] ACR pull 권한이 이미 설정되어 있다고 가정합니다.
[2024-12-04 04:29:47] Namespace 생성 중...
[2024-12-04 04:29:48] Namespace ondal-gateway 생성 완료
[2024-12-04 04:29:48] 애플리케이션 빌드 및 이미지 생성 중...
[2024-12-04 04:29:56] Building scg image...
[2024-12-04 04:30:04] scg 이미지 생성 완료
[2024-12-04 04:30:08] Building inquiry image...
[2024-12-04 04:30:21] inquiry 이미지 생성 완료
[2024-12-04 04:30:25] Building tech image...
[2024-12-04 04:30:36] tech 이미지 생성 완료
[2024-12-04 04:30:41] Building billing image...
[2024-12-04 04:30:51] billing 이미지 생성 완료
[2024-12-04 04:30:51] 기존 리소스 정리 중...
[2024-12-04 04:30:51] scg 리소스 삭제 완료
[2024-12-04 04:30:51] inquiry 리소스 삭제 완료
[2024-12-04 04:30:51] tech 리소스 삭제 완료
[2024-12-04 04:30:52] billing 리소스 삭제 완료
[2024-12-04 04:30:52] MongoDB 리소스 삭제 완료
[2024-12-04 04:30:52] 리소스 정리 완료 대기 중...
[2024-12-04 04:31:02] MongoDB 구성 중...
[2024-12-04 04:31:02] 마이크로서비스 배포 중...
[2024-12-04 04:31:04] 모든 리소스가 성공적으로 생성되었습니다.
[2024-12-04 04:31:04] LoadBalancer IP 할당 대기 중...
[2024-12-04 04:31:04] IP 할당 대기 중... (1/10)
[2024-12-04 04:31:09] IP 할당 대기 중... (2/10)
[2024-12-04 04:31:15] IP 할당 대기 중... (3/10)
[2024-12-04 04:31:20] IP 할당 대기 중... (4/10)
[2024-12-04 04:31:25] IP 할당 대기 중... (5/10)
[2024-12-04 04:31:30] LoadBalancer IP 할당 완료: 20.249.191.103
[2024-12-04 04:31:30] === Gateway 연결 정보 ===
[2024-12-04 04:31:30] Host: 20.249.191.103
[2024-12-04 04:31:30] Port: 8080
[2024-12-04 04:31:30] === 서비스 테스트 페이지 ===
[2024-12-04 04:31:30] http://20.249.191.103:8080/static/index.html
[2024-12-04 04:36:58] Gateway 패턴 실습환경 구성을 시작합니다...
[2024-12-04 04:36:58] Azure CLI 로그인 상태 확인 중...
[2024-12-04 04:36:59] ACR pull 권한 확인 중...
[2024-12-04 04:37:00] AKS가 Managed Identity를 사용하고 있습니다.
[2024-12-04 04:37:00] ACR pull 권한이 이미 설정되어 있다고 가정합니다.
[2024-12-04 04:37:00] Namespace 생성 중...
[2024-12-04 04:37:00] Namespace ondal-gateway 생성 완료
[2024-12-04 04:37:00] 애플리케이션 빌드 및 이미지 생성 중...
[2024-12-04 04:37:16] Building scg image...
[2024-12-04 04:37:25] scg 이미지 생성 완료
[2024-12-04 04:37:29] Building inquiry image...
[2024-12-04 04:37:39] inquiry 이미지 생성 완료
[2024-12-04 04:37:46] Building tech image...
[2024-12-04 04:37:56] tech 이미지 생성 완료
[2024-12-04 04:38:05] Building billing image...
[2024-12-04 04:38:16] billing 이미지 생성 완료
[2024-12-04 04:38:17] 기존 리소스 정리 중...
[2024-12-04 04:38:17] scg 리소스 삭제 완료
[2024-12-04 04:38:17] inquiry 리소스 삭제 완료
[2024-12-04 04:38:17] tech 리소스 삭제 완료
[2024-12-04 04:38:18] billing 리소스 삭제 완료
[2024-12-04 04:38:18] MongoDB 리소스 삭제 완료
[2024-12-04 04:38:18] 리소스 정리 완료 대기 중...
[2024-12-04 04:38:28] MongoDB 구성 중...
[2024-12-04 04:38:29] 마이크로서비스 배포 중...
[2024-12-04 04:38:31] 모든 리소스가 성공적으로 생성되었습니다.
[2024-12-04 04:38:31] LoadBalancer IP 할당 대기 중...
[2024-12-04 04:38:31] IP 할당 대기 중... (1/10)
[2024-12-04 04:38:37] IP 할당 대기 중... (2/10)
[2024-12-04 04:38:42] IP 할당 대기 중... (3/10)
[2024-12-04 04:38:47] IP 할당 대기 중... (4/10)
[2024-12-04 04:38:53] IP 할당 대기 중... (5/10)
[2024-12-04 04:38:58] IP 할당 대기 중... (6/10)
[2024-12-04 04:39:03] LoadBalancer IP 할당 완료: 20.249.187.51
[2024-12-04 04:39:03] === Gateway 연결 정보 ===
[2024-12-04 04:39:03] Host: 20.249.187.51
[2024-12-04 04:39:03] Port: 8080
[2024-12-04 04:39:03] === 서비스 테스트 페이지 ===
[2024-12-04 04:39:03] http://20.249.187.51:8080/static/index.html
[2024-12-04 04:42:20] Gateway 패턴 실습환경 구성을 시작합니다...
[2024-12-04 04:42:20] Azure CLI 로그인 상태 확인 중...
[2024-12-04 04:42:21] ACR pull 권한 확인 중...
[2024-12-04 04:42:22] AKS가 Managed Identity를 사용하고 있습니다.
[2024-12-04 04:42:22] ACR pull 권한이 이미 설정되어 있다고 가정합니다.
[2024-12-04 04:42:22] Namespace 생성 중...
[2024-12-04 04:42:22] Namespace ondal-gateway 생성 완료
[2024-12-04 04:42:22] 애플리케이션 빌드 및 이미지 생성 중...
[2024-12-04 04:42:32] Building scg image...
[2024-12-04 04:42:40] scg 이미지 생성 완료
[2024-12-04 04:42:43] Building inquiry image...
[2024-12-04 04:42:50] inquiry 이미지 생성 완료
[2024-12-04 04:42:54] Building tech image...
[2024-12-04 04:43:01] tech 이미지 생성 완료
[2024-12-04 04:43:04] Building billing image...
[2024-12-04 04:43:12] billing 이미지 생성 완료
[2024-12-04 04:43:12] 기존 리소스 정리 중...
[2024-12-04 04:43:12] scg 리소스 삭제 완료
[2024-12-04 04:43:12] inquiry 리소스 삭제 완료
[2024-12-04 04:43:12] tech 리소스 삭제 완료
[2024-12-04 04:43:12] billing 리소스 삭제 완료
[2024-12-04 04:43:12] MongoDB 리소스 삭제 완료
[2024-12-04 04:43:12] 리소스 정리 완료 대기 중...
[2024-12-04 04:43:23] MongoDB 구성 중...
[2024-12-04 04:43:23] 마이크로서비스 배포 중...
[2024-12-04 04:43:24] 모든 리소스가 성공적으로 생성되었습니다.
[2024-12-04 04:43:24] LoadBalancer IP 할당 대기 중...
[2024-12-04 04:43:24] IP 할당 대기 중... (1/10)
[2024-12-04 04:43:29] IP 할당 대기 중... (2/10)
[2024-12-04 04:43:35] IP 할당 대기 중... (3/10)
[2024-12-04 04:43:40] IP 할당 대기 중... (4/10)
[2024-12-04 04:43:45] IP 할당 대기 중... (5/10)
[2024-12-04 04:43:50] IP 할당 대기 중... (6/10)
[2024-12-04 04:43:55] IP 할당 대기 중... (7/10)
[2024-12-04 04:44:00] LoadBalancer IP 할당 완료: 20.249.187.51
[2024-12-04 04:44:01] === Gateway 연결 정보 ===
[2024-12-04 04:44:01] Host: 20.249.187.51
[2024-12-04 04:44:01] Port: 8080
[2024-12-04 04:44:01] === 서비스 테스트 페이지 ===
[2024-12-04 04:44:01] http://20.249.187.51:8080/static/index.html
[2024-12-04 04:47:44] Gateway 패턴 실습환경 구성을 시작합니다...
[2024-12-04 04:47:44] Azure CLI 로그인 상태 확인 중...
[2024-12-04 04:47:44] ACR pull 권한 확인 중...
[2024-12-04 04:47:46] AKS가 Managed Identity를 사용하고 있습니다.
[2024-12-04 04:47:46] ACR pull 권한이 이미 설정되어 있다고 가정합니다.
[2024-12-04 04:47:46] Namespace 생성 중...
[2024-12-04 04:47:46] Namespace ondal-gateway 생성 완료
[2024-12-04 04:47:46] 애플리케이션 빌드 및 이미지 생성 중...
[2024-12-04 04:47:54] Building scg image...
[2024-12-04 04:48:02] scg 이미지 생성 완료
[2024-12-04 04:48:05] Building inquiry image...
[2024-12-04 04:48:13] inquiry 이미지 생성 완료
[2024-12-04 04:48:17] Building tech image...
[2024-12-04 04:48:25] tech 이미지 생성 완료
[2024-12-04 04:48:29] Building billing image...
[2024-12-04 04:48:39] billing 이미지 생성 완료
[2024-12-04 04:48:39] 기존 리소스 정리 중...
[2024-12-04 04:48:39] scg 리소스 삭제 완료
[2024-12-04 04:48:39] inquiry 리소스 삭제 완료
[2024-12-04 04:48:40] tech 리소스 삭제 완료
[2024-12-04 04:48:40] billing 리소스 삭제 완료
[2024-12-04 04:48:40] MongoDB 리소스 삭제 완료
[2024-12-04 04:48:40] 리소스 정리 완료 대기 중...
[2024-12-04 04:48:50] MongoDB 구성 중...
[2024-12-04 04:48:52] 마이크로서비스 배포 중...
[2024-12-04 04:48:55] 모든 리소스가 성공적으로 생성되었습니다.
[2024-12-04 04:48:55] LoadBalancer IP 할당 대기 중...
[2024-12-04 04:48:55] IP 할당 대기 중... (1/10)
[2024-12-04 04:49:01] IP 할당 대기 중... (2/10)
[2024-12-04 04:49:06] IP 할당 대기 중... (3/10)
[2024-12-04 04:49:11] IP 할당 대기 중... (4/10)
[2024-12-04 04:49:17] IP 할당 대기 중... (5/10)
[2024-12-04 04:49:22] LoadBalancer IP 할당 완료: 20.249.175.89
[2024-12-04 04:49:22] === Gateway 연결 정보 ===
[2024-12-04 04:49:22] Host: 20.249.175.89
[2024-12-04 04:49:22] Port: 8080
[2024-12-04 04:49:22] === 서비스 테스트 페이지 ===
[2024-12-04 04:49:22] http://20.249.175.89:8080/static/index.html
[2024-12-04 04:54:55] Gateway 패턴 실습환경 구성을 시작합니다...
[2024-12-04 04:54:55] Azure CLI 로그인 상태 확인 중...
[2024-12-04 04:54:56] ACR pull 권한 확인 중...
[2024-12-04 04:54:57] AKS가 Managed Identity를 사용하고 있습니다.
[2024-12-04 04:54:57] ACR pull 권한이 이미 설정되어 있다고 가정합니다.
[2024-12-04 04:54:57] Namespace 생성 중...
[2024-12-04 04:54:57] Namespace ondal-gateway 생성 완료
[2024-12-04 04:54:57] 애플리케이션 빌드 및 이미지 생성 중...
[2024-12-04 04:55:13] Building scg image...
[2024-12-04 04:55:22] scg 이미지 생성 완료
[2024-12-04 04:55:26] Building inquiry image...
[2024-12-04 04:55:34] inquiry 이미지 생성 완료
[2024-12-04 04:55:39] Building tech image...
[2024-12-04 04:55:51] tech 이미지 생성 완료
[2024-12-04 04:55:55] Building billing image...
[2024-12-04 04:56:02] billing 이미지 생성 완료
[2024-12-04 04:56:02] 기존 리소스 정리 중...
[2024-12-04 04:56:03] scg 리소스 삭제 완료
[2024-12-04 04:56:03] inquiry 리소스 삭제 완료
[2024-12-04 04:56:03] tech 리소스 삭제 완료
[2024-12-04 04:56:04] billing 리소스 삭제 완료
[2024-12-04 04:56:04] MongoDB 리소스 삭제 완료
[2024-12-04 04:56:04] 리소스 정리 완료 대기 중...
[2024-12-04 04:56:14] MongoDB 구성 중...
[2024-12-04 04:56:15] 마이크로서비스 배포 중...
[2024-12-04 04:56:16] 모든 리소스가 성공적으로 생성되었습니다.
[2024-12-04 04:56:16] LoadBalancer IP 할당 대기 중...
[2024-12-04 04:56:16] IP 할당 대기 중... (1/10)
[2024-12-04 04:56:21] IP 할당 대기 중... (2/10)
[2024-12-04 04:56:26] IP 할당 대기 중... (3/10)
[2024-12-04 04:56:31] IP 할당 대기 중... (4/10)
[2024-12-04 04:56:36] IP 할당 대기 중... (5/10)
[2024-12-04 04:56:42] IP 할당 대기 중... (6/10)
[2024-12-04 04:56:47] IP 할당 대기 중... (7/10)
[2024-12-04 04:56:52] LoadBalancer IP 할당 완료: 20.214.112.194
[2024-12-04 04:56:52] === Gateway 연결 정보 ===
[2024-12-04 04:56:52] Host: 20.214.112.194
[2024-12-04 04:56:52] Port: 8080
[2024-12-04 04:56:52] === 서비스 테스트 페이지 ===
[2024-12-04 04:56:52] http://20.214.112.194:8080/static/index.html
[2024-12-04 05:11:14] Gateway 패턴 실습환경 구성을 시작합니다...
[2024-12-04 05:11:14] Azure CLI 로그인 상태 확인 중...
[2024-12-04 05:11:15] ACR pull 권한 확인 중...
[2024-12-04 05:11:16] AKS가 Managed Identity를 사용하고 있습니다.
[2024-12-04 05:11:16] ACR pull 권한이 이미 설정되어 있다고 가정합니다.
[2024-12-04 05:11:16] Namespace 생성 중...
[2024-12-04 05:11:16] Namespace ondal-gateway 생성 완료
[2024-12-04 05:11:16] 애플리케이션 빌드 및 이미지 생성 중...
[2024-12-04 05:11:46] Building scg image...
[2024-12-04 05:11:54] scg 이미지 생성 완료
[2024-12-04 05:11:57] Building inquiry image...
[2024-12-04 05:12:04] inquiry 이미지 생성 완료
[2024-12-04 05:12:08] Building tech image...
[2024-12-04 05:12:20] tech 이미지 생성 완료
[2024-12-04 05:12:28] Building billing image...
[2024-12-04 05:12:40] billing 이미지 생성 완료
[2024-12-04 05:12:40] 기존 리소스 정리 중...
[2024-12-04 05:12:41] scg 리소스 삭제 완료
[2024-12-04 05:12:41] inquiry 리소스 삭제 완료
[2024-12-04 05:12:41] tech 리소스 삭제 완료
[2024-12-04 05:12:41] billing 리소스 삭제 완료
[2024-12-04 05:12:41] MongoDB 리소스 삭제 완료
[2024-12-04 05:12:41] 리소스 정리 완료 대기 중...
[2024-12-04 05:12:51] MongoDB 구성 중...
[2024-12-04 05:12:53] ConfigMap 생성 중...
[2024-12-04 05:12:53] 마이크로서비스 배포 중...
[2024-12-04 05:12:56] 모든 리소스가 성공적으로 생성되었습니다.
[2024-12-04 05:12:56] LoadBalancer IP 할당 대기 중...
[2024-12-04 05:12:56] IP 할당 대기 중... (1/10)
[2024-12-04 05:13:01] IP 할당 대기 중... (2/10)
[2024-12-04 05:13:06] IP 할당 대기 중... (3/10)
[2024-12-04 05:13:12] IP 할당 대기 중... (4/10)
[2024-12-04 05:13:17] IP 할당 대기 중... (5/10)
[2024-12-04 05:13:22] IP 할당 대기 중... (6/10)
[2024-12-04 05:13:27] LoadBalancer IP 할당 완료: 20.249.202.183
[2024-12-04 05:13:27] === Gateway 연결 정보 ===
[2024-12-04 05:13:27] Host: 20.249.202.183
[2024-12-04 05:13:27] Port: 8080
[2024-12-04 05:13:27] === 서비스 테스트 페이지 ===
[2024-12-04 05:13:27] http://20.249.202.183:8080/static/index.html
[2024-12-04 05:23:50] Gateway 패턴 실습환경 구성을 시작합니다...
[2024-12-04 05:23:50] Azure CLI 로그인 상태 확인 중...
[2024-12-04 05:23:51] ACR pull 권한 확인 중...
[2024-12-04 05:23:52] AKS가 Managed Identity를 사용하고 있습니다.
[2024-12-04 05:23:52] ACR pull 권한이 이미 설정되어 있다고 가정합니다.
[2024-12-04 05:23:52] Namespace 생성 중...
[2024-12-04 05:23:53] Namespace ondal-gateway 생성 완료
[2024-12-04 05:23:53] 애플리케이션 빌드 및 이미지 생성 중...
[2024-12-04 05:24:08] Building scg image...
[2024-12-04 05:24:19] scg 이미지 생성 완료
[2024-12-04 05:24:22] Building inquiry image...
[2024-12-04 05:24:31] inquiry 이미지 생성 완료
[2024-12-04 05:24:36] Building tech image...
[2024-12-04 05:25:22] tech 이미지 생성 완료
[2024-12-04 05:25:25] Building billing image...
[2024-12-04 05:25:32] billing 이미지 생성 완료
[2024-12-04 05:25:32] 기존 리소스 정리 중...
[2024-12-04 05:25:32] scg 리소스 삭제 완료
[2024-12-04 05:25:33] inquiry 리소스 삭제 완료
[2024-12-04 05:25:33] tech 리소스 삭제 완료
[2024-12-04 05:25:33] billing 리소스 삭제 완료
[2024-12-04 05:25:33] MongoDB 리소스 삭제 완료
[2024-12-04 05:25:33] 리소스 정리 완료 대기 중...
[2024-12-04 05:25:43] MongoDB 구성 중...
[2024-12-04 05:25:44] ConfigMap 생성 중...
[2024-12-04 05:25:44] 마이크로서비스 배포 중...
[2024-12-04 05:25:45] 모든 리소스가 성공적으로 생성되었습니다.
[2024-12-04 05:25:45] LoadBalancer IP 할당 대기 중...
[2024-12-04 05:25:45] IP 할당 대기 중... (1/10)
[2024-12-04 05:25:51] IP 할당 대기 중... (2/10)
[2024-12-04 05:25:56] IP 할당 대기 중... (3/10)
[2024-12-04 05:26:01] IP 할당 대기 중... (4/10)
[2024-12-04 05:26:06] IP 할당 대기 중... (5/10)
[2024-12-04 05:26:11] IP 할당 대기 중... (6/10)
[2024-12-04 05:26:16] IP 할당 대기 중... (7/10)
[2024-12-04 05:26:22] LoadBalancer IP 할당 완료: 20.214.115.15
[2024-12-04 05:26:22] === Gateway 연결 정보 ===
[2024-12-04 05:26:22] Host: 20.214.115.15
[2024-12-04 05:26:22] Port: 8080
[2024-12-04 05:26:22] === 서비스 테스트 페이지 ===
[2024-12-04 05:26:22] http://20.214.115.15:8080/static/index.html
[2024-12-04 05:37:36] Gateway 패턴 실습환경 구성을 시작합니다...
[2024-12-04 05:37:36] Azure CLI 로그인 상태 확인 중...
[2024-12-04 05:37:37] ACR pull 권한 확인 중...
[2024-12-04 05:37:38] AKS가 Managed Identity를 사용하고 있습니다.
[2024-12-04 05:37:38] ACR pull 권한이 이미 설정되어 있다고 가정합니다.
[2024-12-04 05:37:38] Namespace 생성 중...
[2024-12-04 05:37:38] Namespace ondal-gateway 생성 완료
[2024-12-04 05:37:38] 애플리케이션 빌드 및 이미지 생성 중...
[2024-12-04 05:38:00] Building scg image...
[2024-12-04 05:38:10] scg 이미지 생성 완료
[2024-12-04 05:38:14] Building inquiry image...
[2024-12-04 05:38:23] inquiry 이미지 생성 완료
[2024-12-04 05:38:27] Building tech image...
[2024-12-04 05:38:36] tech 이미지 생성 완료
[2024-12-04 05:38:41] Building billing image...
[2024-12-04 05:38:50] billing 이미지 생성 완료
[2024-12-04 05:38:50] 기존 리소스 정리 중...
[2024-12-04 05:38:50] scg 리소스 삭제 완료
[2024-12-04 05:38:51] inquiry 리소스 삭제 완료
[2024-12-04 05:38:51] tech 리소스 삭제 완료
[2024-12-04 05:38:51] billing 리소스 삭제 완료
[2024-12-04 05:38:51] MongoDB 리소스 삭제 완료
[2024-12-04 05:38:51] 리소스 정리 완료 대기 중...
[2024-12-04 05:39:01] MongoDB 구성 중...
[2024-12-04 05:39:02] ConfigMap 생성 중...
[2024-12-04 05:39:02] 마이크로서비스 배포 중...
[2024-12-04 05:39:04] 모든 리소스가 성공적으로 생성되었습니다.
[2024-12-04 05:39:04] LoadBalancer IP 할당 대기 중...
[2024-12-04 05:39:04] IP 할당 대기 중... (1/10)
[2024-12-04 05:39:09] IP 할당 대기 중... (2/10)
[2024-12-04 05:39:14] IP 할당 대기 중... (3/10)
[2024-12-04 05:39:19] IP 할당 대기 중... (4/10)
[2024-12-04 05:39:24] IP 할당 대기 중... (5/10)
[2024-12-04 05:39:30] LoadBalancer IP 할당 완료: 20.249.203.141
[2024-12-04 05:39:30] === Gateway 연결 정보 ===
[2024-12-04 05:39:30] Host: 20.249.203.141
[2024-12-04 05:39:30] Port: 8080
[2024-12-04 05:39:30] === 서비스 테스트 페이지 ===
[2024-12-04 05:39:30] http://20.249.203.141:8080/index.html
[2024-12-04 05:41:49] Gateway 패턴 실습환경 구성을 시작합니다...
[2024-12-04 05:41:49] Azure CLI 로그인 상태 확인 중...
[2024-12-04 05:41:50] ACR pull 권한 확인 중...
[2024-12-04 05:41:51] AKS가 Managed Identity를 사용하고 있습니다.
[2024-12-04 05:41:51] ACR pull 권한이 이미 설정되어 있다고 가정합니다.
[2024-12-04 05:41:51] Namespace 생성 중...
[2024-12-04 05:41:52] Namespace ondal-gateway 생성 완료
[2024-12-04 05:41:52] 애플리케이션 빌드 및 이미지 생성 중...
[2024-12-04 05:42:00] Building scg image...
[2024-12-04 05:42:17] scg 이미지 생성 완료
[2024-12-04 05:42:22] Building inquiry image...
[2024-12-04 05:42:34] inquiry 이미지 생성 완료
[2024-12-04 05:42:39] Building tech image...
[2024-12-04 05:43:13] tech 이미지 생성 완료
[2024-12-04 05:43:21] Building billing image...
[2024-12-04 05:43:31] billing 이미지 생성 완료
[2024-12-04 05:43:31] 기존 리소스 정리 중...
[2024-12-04 05:43:31] scg 리소스 삭제 완료
[2024-12-04 05:43:31] inquiry 리소스 삭제 완료
[2024-12-04 05:43:31] tech 리소스 삭제 완료
[2024-12-04 05:43:32] billing 리소스 삭제 완료
[2024-12-04 05:43:32] MongoDB 리소스 삭제 완료
[2024-12-04 05:43:32] 리소스 정리 완료 대기 중...
[2024-12-04 05:43:42] MongoDB 구성 중...
[2024-12-04 05:43:42] ConfigMap 생성 중...
[2024-12-04 05:43:43] 마이크로서비스 배포 중...
[2024-12-04 05:43:44] 모든 리소스가 성공적으로 생성되었습니다.
[2024-12-04 05:43:44] LoadBalancer IP 할당 대기 중...
[2024-12-04 05:43:45] IP 할당 대기 중... (1/10)
[2024-12-04 05:43:50] IP 할당 대기 중... (2/10)
[2024-12-04 05:43:55] IP 할당 대기 중... (3/10)
[2024-12-04 05:44:00] IP 할당 대기 중... (4/10)
[2024-12-04 05:44:06] LoadBalancer IP 할당 완료: 20.249.203.141
[2024-12-04 05:44:06] === Gateway 연결 정보 ===
[2024-12-04 05:44:06] Host: 20.249.203.141
[2024-12-04 05:44:06] Port: 8080
[2024-12-04 05:44:06] === 서비스 테스트 페이지 ===
[2024-12-04 05:44:06] http://20.249.203.141:8080/index.html
[2024-12-04 06:09:42] Gateway 패턴 실습환경 구성을 시작합니다...
[2024-12-04 06:09:42] Azure CLI 로그인 상태 확인 중...
[2024-12-04 06:09:42] ACR pull 권한 확인 중...
[2024-12-04 06:09:43] AKS가 Managed Identity를 사용하고 있습니다.
[2024-12-04 06:09:43] ACR pull 권한이 이미 설정되어 있다고 가정합니다.
[2024-12-04 06:09:43] Namespace 생성 중...
[2024-12-04 06:09:44] Namespace ondal-gateway 생성 완료
[2024-12-04 06:09:44] 애플리케이션 빌드 및 이미지 생성 중...
[2024-12-04 06:10:24] Building scg image...
[2024-12-04 06:10:32] scg 이미지 생성 완료
[2024-12-04 06:10:35] Building inquiry image...
[2024-12-04 06:10:44] inquiry 이미지 생성 완료
[2024-12-04 06:10:48] Building tech image...
[2024-12-04 06:10:56] tech 이미지 생성 완료
[2024-12-04 06:10:59] Building billing image...
[2024-12-04 06:11:07] billing 이미지 생성 완료
[2024-12-04 06:11:07] 기존 리소스 정리 중...
[2024-12-04 06:11:07] scg 리소스 삭제 완료
[2024-12-04 06:11:07] inquiry 리소스 삭제 완료
[2024-12-04 06:11:07] tech 리소스 삭제 완료
[2024-12-04 06:11:07] billing 리소스 삭제 완료
[2024-12-04 06:11:08] inquiry MongoDB 리소스 삭제 완료
[2024-12-04 06:11:08] tech MongoDB 리소스 삭제 완료
[2024-12-04 06:11:08] billing MongoDB 리소스 삭제 완료
[2024-12-04 06:11:08] 리소스 정리 완료 대기 중...
[2024-12-04 06:11:18] MongoDB 구성 중...
[2024-12-04 06:11:19] ConfigMap 생성 중...
[2024-12-04 06:11:19] 마이크로서비스 배포 중...
[2024-12-04 06:11:20] Error: scg 서비스 배포 실패
[2024-12-04 06:14:27] Gateway 패턴 실습환경 구성을 시작합니다...
[2024-12-04 06:14:27] Azure CLI 로그인 상태 확인 중...
[2024-12-04 06:14:28] ACR pull 권한 확인 중...
[2024-12-04 06:14:29] AKS가 Managed Identity를 사용하고 있습니다.
[2024-12-04 06:14:29] ACR pull 권한이 이미 설정되어 있다고 가정합니다.
[2024-12-04 06:14:29] Namespace 생성 중...
[2024-12-04 06:14:29] Namespace ondal-gateway 생성 완료
[2024-12-04 06:14:29] 애플리케이션 빌드 및 이미지 생성 중...
[2024-12-04 06:14:38] Building scg image...
[2024-12-04 06:14:46] scg 이미지 생성 완료
[2024-12-04 06:14:49] Building inquiry image...
[2024-12-04 06:14:57] inquiry 이미지 생성 완료
[2024-12-04 06:15:00] Building tech image...
[2024-12-04 06:15:09] tech 이미지 생성 완료
[2024-12-04 06:15:12] Building billing image...
[2024-12-04 06:15:20] billing 이미지 생성 완료
[2024-12-04 06:15:20] 기존 리소스 정리 중...
[2024-12-04 06:15:20] scg 리소스 삭제 완료
[2024-12-04 06:15:20] inquiry 리소스 삭제 완료
[2024-12-04 06:15:20] tech 리소스 삭제 완료
[2024-12-04 06:15:21] billing 리소스 삭제 완료
[2024-12-04 06:15:21] inquiry MongoDB 리소스 삭제 완료
[2024-12-04 06:15:21] tech MongoDB 리소스 삭제 완료
[2024-12-04 06:15:21] billing MongoDB 리소스 삭제 완료
[2024-12-04 06:15:21] 리소스 정리 완료 대기 중...
[2024-12-04 06:15:31] MongoDB 구성 중...
[2024-12-04 06:15:32] ConfigMap 생성 중...
[2024-12-04 06:15:32] 마이크로서비스 배포 중...
[2024-12-04 06:15:33] 모든 리소스가 성공적으로 생성되었습니다.
[2024-12-04 06:15:33] LoadBalancer IP 할당 대기 중...
[2024-12-04 06:15:34] IP 할당 대기 중... (1/10)
[2024-12-04 06:15:39] IP 할당 대기 중... (2/10)
[2024-12-04 06:15:44] IP 할당 대기 중... (3/10)
[2024-12-04 06:15:49] IP 할당 대기 중... (4/10)
[2024-12-04 06:15:54] IP 할당 대기 중... (5/10)
[2024-12-04 06:15:59] LoadBalancer IP 할당 완료: 20.249.186.86
[2024-12-04 06:15:59] === Gateway 연결 정보 ===
[2024-12-04 06:15:59] Host: 20.249.186.86
[2024-12-04 06:15:59] Port: 8080
[2024-12-04 06:15:59] === 서비스 테스트 페이지 ===
[2024-12-04 06:15:59] http://20.249.186.86:8080/static/index.html
[2024-12-04 06:34:57] Gateway 패턴 실습환경 구성을 시작합니다...
[2024-12-04 06:34:57] Azure CLI 로그인 상태 확인 중...
[2024-12-04 06:34:58] ACR pull 권한 확인 중...
[2024-12-04 06:34:59] AKS가 Managed Identity를 사용하고 있습니다.
[2024-12-04 06:34:59] ACR pull 권한이 이미 설정되어 있다고 가정합니다.
[2024-12-04 06:34:59] Namespace 생성 중...
[2024-12-04 06:34:59] Namespace ondal-gateway 생성 완료
[2024-12-04 06:34:59] 애플리케이션 빌드 및 이미지 생성 중...
[2024-12-04 06:35:14] Building scg image...
[2024-12-04 06:35:23] scg 이미지 생성 완료
[2024-12-04 06:35:26] Building inquiry image...
[2024-12-04 06:35:34] inquiry 이미지 생성 완료
[2024-12-04 06:35:39] Building tech image...
[2024-12-04 06:35:51] tech 이미지 생성 완료
[2024-12-04 06:35:58] Building billing image...
[2024-12-04 06:36:13] billing 이미지 생성 완료
[2024-12-04 06:36:13] 기존 리소스 정리 중...
[2024-12-04 06:36:13] scg 리소스 삭제 완료
[2024-12-04 06:36:13] inquiry 리소스 삭제 완료
[2024-12-04 06:36:13] tech 리소스 삭제 완료
[2024-12-04 06:36:14] billing 리소스 삭제 완료
[2024-12-04 06:36:14] inquiry MongoDB 리소스 삭제 완료
[2024-12-04 06:36:14] tech MongoDB 리소스 삭제 완료
[2024-12-04 06:36:14] billing MongoDB 리소스 삭제 완료
[2024-12-04 06:36:14] 리소스 정리 완료 대기 중...
[2024-12-04 06:36:24] MongoDB 구성 중...
[2024-12-04 06:36:27] ConfigMap 생성 중...
[2024-12-04 06:36:27] 마이크로서비스 배포 중...
[2024-12-04 06:36:30] 모든 리소스가 성공적으로 생성되었습니다.
[2024-12-04 06:36:30] LoadBalancer IP 할당 대기 중...
[2024-12-04 06:36:30] IP 할당 대기 중... (1/10)
[2024-12-04 06:36:36] IP 할당 대기 중... (2/10)
[2024-12-04 06:36:41] IP 할당 대기 중... (3/10)
[2024-12-04 06:36:46] IP 할당 대기 중... (4/10)
[2024-12-04 06:36:51] IP 할당 대기 중... (5/10)
[2024-12-04 06:36:56] IP 할당 대기 중... (6/10)
[2024-12-04 06:37:02] LoadBalancer IP 할당 완료: 20.249.176.42
[2024-12-04 06:37:02] === Gateway 연결 정보 ===
[2024-12-04 06:37:02] Host: 20.249.176.42
[2024-12-04 06:37:02] Port: 8080
[2024-12-04 06:37:02] === 서비스 테스트 페이지 ===
[2024-12-04 06:37:02] http://20.249.176.42:8080/static/index.html
